2022-09-16 10:45:01,730 [Worker-6: Loading available Gradle versions] INFO  o.e.b.c.i.u.g.PublishedGradleVersions - Gradle version information cache is up-to-date. Trying to read.
2022-09-18 23:01:18,565 [Worker-9: Loading available Gradle versions] INFO  o.e.b.c.i.u.g.PublishedGradleVersions - Gradle version information cache is out-of-date. Trying to update.
2022-09-20 11:26:03,123 [Worker-4: Loading available Gradle versions] INFO  o.e.b.c.i.u.g.PublishedGradleVersions - Gradle version information cache is up-to-date. Trying to read.
2022-09-21 10:59:13,670 [Worker-38: Enabling Maven Dependency Management] INFO  o.e.m.c.i.l.LifecycleMappingFactory - Using org.eclipse.m2e.jdt.JarLifecycleMapping lifecycle mapping for MavenProject: _10_Ejercicios_Repaso:_10_Ejercicios_Repaso:0.0.1-SNAPSHOT @ /Users/albertogomez-martin/Documents/Core_Networks/curso_aplicaciones_empresariales_javaee_sep_2022/ejercicios/estandar/_10_Ejercicios_Repaso/pom.xml.
2022-09-21 10:59:19,158 [Worker-39: Building] WARN  o.e.m.c.i.embedder.EclipseLogger - Using platform encoding (UTF-8 actually) to copy filtered resources, i.e. build is platform dependent!
2022-09-21 10:59:19,163 [Worker-39: Building] INFO  o.e.m.c.i.embedder.EclipseLogger - skip non existing resourceDirectory /Users/albertogomez-martin/Documents/Core_Networks/curso_aplicaciones_empresariales_javaee_sep_2022/ejercicios/estandar/_10_Ejercicios_Repaso/src/main/resources
2022-09-21 10:59:19,170 [Worker-39: Building] WARN  o.e.m.c.i.embedder.EclipseLogger - Using platform encoding (UTF-8 actually) to copy filtered resources, i.e. build is platform dependent!
2022-09-21 10:59:19,171 [Worker-39: Building] INFO  o.e.m.c.i.embedder.EclipseLogger - skip non existing resourceDirectory /Users/albertogomez-martin/Documents/Core_Networks/curso_aplicaciones_empresariales_javaee_sep_2022/ejercicios/estandar/_10_Ejercicios_Repaso/src/test/resources
2022-09-21 10:59:22,259 [Worker-38: Enabling Maven Dependency Management] INFO  o.e.m.j.i.AbstractJavaProjectConfigurator - Adding source folder /_10_Ejercicios_Repaso/src
2022-09-21 10:59:22,261 [Worker-38: Enabling Maven Dependency Management] INFO  o.e.m.j.i.AbstractJavaProjectConfigurator - Not adding source folder /_10_Ejercicios_Repaso/src/test/java because it overlaps with /_10_Ejercicios_Repaso/src
2022-09-21 10:59:23,603 [Worker-38: Enabling Maven Dependency Management] INFO  o.e.m.c.i.p.ProjectConfigurationManager - Update started
2022-09-21 10:59:26,711 [Worker-38: Enabling Maven Dependency Management] INFO  o.e.m.c.i.l.LifecycleMappingFactory - Using org.eclipse.m2e.jdt.JarLifecycleMapping lifecycle mapping for MavenProject: _10_Ejercicios_Repaso:_10_Ejercicios_Repaso:0.0.1-SNAPSHOT @ /Users/albertogomez-martin/Documents/Core_Networks/curso_aplicaciones_empresariales_javaee_sep_2022/ejercicios/estandar/_10_Ejercicios_Repaso/pom.xml.
2022-09-21 10:59:30,780 [Worker-38: Enabling Maven Dependency Management] INFO  o.e.m.j.i.AbstractJavaProjectConfigurator - Adding source folder /_10_Ejercicios_Repaso/src
2022-09-21 10:59:30,781 [Worker-38: Enabling Maven Dependency Management] INFO  o.e.m.j.i.AbstractJavaProjectConfigurator - Not adding source folder /_10_Ejercicios_Repaso/src/test/java because it overlaps with /_10_Ejercicios_Repaso/src
2022-09-21 10:59:31,200 [Worker-38: Enabling Maven Dependency Management] INFO  o.e.m.c.i.p.ProjectConfigurationManager - Update completed: 7 sec
2022-09-21 10:59:31,426 [Worker-41: Building] WARN  o.e.m.c.i.embedder.EclipseLogger - Using platform encoding (UTF-8 actually) to copy filtered resources, i.e. build is platform dependent!
2022-09-21 10:59:31,429 [Worker-41: Building] INFO  o.e.m.c.i.embedder.EclipseLogger - skip non existing resourceDirectory /Users/albertogomez-martin/Documents/Core_Networks/curso_aplicaciones_empresariales_javaee_sep_2022/ejercicios/estandar/_10_Ejercicios_Repaso/src/main/resources
2022-09-21 10:59:31,435 [Worker-41: Building] WARN  o.e.m.c.i.embedder.EclipseLogger - Using platform encoding (UTF-8 actually) to copy filtered resources, i.e. build is platform dependent!
2022-09-21 10:59:31,441 [Worker-41: Building] INFO  o.e.m.c.i.embedder.EclipseLogger - skip non existing resourceDirectory /Users/albertogomez-martin/Documents/Core_Networks/curso_aplicaciones_empresariales_javaee_sep_2022/ejercicios/estandar/_10_Ejercicios_Repaso/src/test/resources
2022-09-21 11:00:44,507 [Worker-32: Building] INFO  o.e.m.c.i.l.LifecycleMappingFactory - Using org.eclipse.m2e.jdt.JarLifecycleMapping lifecycle mapping for MavenProject: _10_Ejercicios_Repaso:_10_Ejercicios_Repaso:0.0.1-SNAPSHOT @ /Users/albertogomez-martin/Documents/Core_Networks/curso_aplicaciones_empresariales_javaee_sep_2022/ejercicios/estandar/_10_Ejercicios_Repaso/pom.xml.
2022-09-21 11:00:45,493 [Worker-32: Building] WARN  o.e.m.c.i.embedder.EclipseLogger - Using platform encoding (UTF-8 actually) to copy filtered resources, i.e. build is platform dependent!
2022-09-21 11:00:45,665 [Worker-32: Building] INFO  o.e.m.c.i.embedder.EclipseLogger - skip non existing resourceDirectory /Users/albertogomez-martin/Documents/Core_Networks/curso_aplicaciones_empresariales_javaee_sep_2022/ejercicios/estandar/_10_Ejercicios_Repaso/src/main/resources
2022-09-21 11:00:45,699 [Worker-32: Building] WARN  o.e.m.c.i.embedder.EclipseLogger - Using platform encoding (UTF-8 actually) to copy filtered resources, i.e. build is platform dependent!
2022-09-21 11:00:45,712 [Worker-32: Building] INFO  o.e.m.c.i.embedder.EclipseLogger - skip non existing resourceDirectory /Users/albertogomez-martin/Documents/Core_Networks/curso_aplicaciones_empresariales_javaee_sep_2022/ejercicios/estandar/_10_Ejercicios_Repaso/src/test/resources
2022-09-21 11:00:47,634 [Worker-34: Building] WARN  o.e.m.c.i.embedder.EclipseLogger - Using platform encoding (UTF-8 actually) to copy filtered resources, i.e. build is platform dependent!
2022-09-21 11:00:47,635 [Worker-34: Building] INFO  o.e.m.c.i.embedder.EclipseLogger - skip non existing resourceDirectory /Users/albertogomez-martin/Documents/Core_Networks/curso_aplicaciones_empresariales_javaee_sep_2022/ejercicios/estandar/_10_Ejercicios_Repaso/src/main/resources
2022-09-21 11:00:47,639 [Worker-34: Building] WARN  o.e.m.c.i.embedder.EclipseLogger - Using platform encoding (UTF-8 actually) to copy filtered resources, i.e. build is platform dependent!
2022-09-21 11:00:47,640 [Worker-34: Building] INFO  o.e.m.c.i.embedder.EclipseLogger - skip non existing resourceDirectory /Users/albertogomez-martin/Documents/Core_Networks/curso_aplicaciones_empresariales_javaee_sep_2022/ejercicios/estandar/_10_Ejercicios_Repaso/src/test/resources
2022-09-21 11:02:24,328 [Worker-32: Building] WARN  o.e.m.c.i.embedder.EclipseLogger - Using platform encoding (UTF-8 actually) to copy filtered resources, i.e. build is platform dependent!
2022-09-21 11:02:24,330 [Worker-32: Building] INFO  o.e.m.c.i.embedder.EclipseLogger - skip non existing resourceDirectory /Users/albertogomez-martin/Documents/Core_Networks/curso_aplicaciones_empresariales_javaee_sep_2022/ejercicios/estandar/_10_Ejercicios_Repaso/src/main/resources
2022-09-21 11:02:24,333 [Worker-32: Building] WARN  o.e.m.c.i.embedder.EclipseLogger - Using platform encoding (UTF-8 actually) to copy filtered resources, i.e. build is platform dependent!
2022-09-21 11:02:24,333 [Worker-32: Building] INFO  o.e.m.c.i.embedder.EclipseLogger - skip non existing resourceDirectory /Users/albertogomez-martin/Documents/Core_Networks/curso_aplicaciones_empresariales_javaee_sep_2022/ejercicios/estandar/_10_Ejercicios_Repaso/src/test/resources
2022-09-21 11:02:51,334 [Worker-40: Building] WARN  o.e.m.c.i.embedder.EclipseLogger - Using platform encoding (UTF-8 actually) to copy filtered resources, i.e. build is platform dependent!
2022-09-21 11:02:51,338 [Worker-40: Building] INFO  o.e.m.c.i.embedder.EclipseLogger - skip non existing resourceDirectory /Users/albertogomez-martin/Documents/Core_Networks/curso_aplicaciones_empresariales_javaee_sep_2022/ejercicios/estandar/_10_Ejercicios_Repaso/src/main/resources
2022-09-21 11:02:51,340 [Worker-40: Building] WARN  o.e.m.c.i.embedder.EclipseLogger - Using platform encoding (UTF-8 actually) to copy filtered resources, i.e. build is platform dependent!
2022-09-21 11:02:51,341 [Worker-40: Building] INFO  o.e.m.c.i.embedder.EclipseLogger - skip non existing resourceDirectory /Users/albertogomez-martin/Documents/Core_Networks/curso_aplicaciones_empresariales_javaee_sep_2022/ejercicios/estandar/_10_Ejercicios_Repaso/src/test/resources
2022-09-21 11:03:58,062 [Worker-39: Building] WARN  o.e.m.c.i.embedder.EclipseLogger - Using platform encoding (UTF-8 actually) to copy filtered resources, i.e. build is platform dependent!
2022-09-21 11:03:58,064 [Worker-39: Building] INFO  o.e.m.c.i.embedder.EclipseLogger - skip non existing resourceDirectory /Users/albertogomez-martin/Documents/Core_Networks/curso_aplicaciones_empresariales_javaee_sep_2022/ejercicios/estandar/_10_Ejercicios_Repaso/src/main/resources
2022-09-21 11:03:58,066 [Worker-39: Building] WARN  o.e.m.c.i.embedder.EclipseLogger - Using platform encoding (UTF-8 actually) to copy filtered resources, i.e. build is platform dependent!
2022-09-21 11:03:58,067 [Worker-39: Building] INFO  o.e.m.c.i.embedder.EclipseLogger - skip non existing resourceDirectory /Users/albertogomez-martin/Documents/Core_Networks/curso_aplicaciones_empresariales_javaee_sep_2022/ejercicios/estandar/_10_Ejercicios_Repaso/src/test/resources
2022-09-21 11:04:36,054 [Worker-41: Building] WARN  o.e.m.c.i.embedder.EclipseLogger - Using platform encoding (UTF-8 actually) to copy filtered resources, i.e. build is platform dependent!
2022-09-21 11:04:36,055 [Worker-41: Building] INFO  o.e.m.c.i.embedder.EclipseLogger - skip non existing resourceDirectory /Users/albertogomez-martin/Documents/Core_Networks/curso_aplicaciones_empresariales_javaee_sep_2022/ejercicios/estandar/_10_Ejercicios_Repaso/src/main/resources
2022-09-21 11:04:36,059 [Worker-41: Building] WARN  o.e.m.c.i.embedder.EclipseLogger - Using platform encoding (UTF-8 actually) to copy filtered resources, i.e. build is platform dependent!
2022-09-21 11:04:36,060 [Worker-41: Building] INFO  o.e.m.c.i.embedder.EclipseLogger - skip non existing resourceDirectory /Users/albertogomez-martin/Documents/Core_Networks/curso_aplicaciones_empresariales_javaee_sep_2022/ejercicios/estandar/_10_Ejercicios_Repaso/src/test/resources
2022-09-21 11:04:49,380 [Worker-39: Building] WARN  o.e.m.c.i.embedder.EclipseLogger - Using platform encoding (UTF-8 actually) to copy filtered resources, i.e. build is platform dependent!
2022-09-21 11:04:49,381 [Worker-39: Building] INFO  o.e.m.c.i.embedder.EclipseLogger - skip non existing resourceDirectory /Users/albertogomez-martin/Documents/Core_Networks/curso_aplicaciones_empresariales_javaee_sep_2022/ejercicios/estandar/_10_Ejercicios_Repaso/src/main/resources
2022-09-21 11:04:49,383 [Worker-39: Building] WARN  o.e.m.c.i.embedder.EclipseLogger - Using platform encoding (UTF-8 actually) to copy filtered resources, i.e. build is platform dependent!
2022-09-21 11:04:49,384 [Worker-39: Building] INFO  o.e.m.c.i.embedder.EclipseLogger - skip non existing resourceDirectory /Users/albertogomez-martin/Documents/Core_Networks/curso_aplicaciones_empresariales_javaee_sep_2022/ejercicios/estandar/_10_Ejercicios_Repaso/src/test/resources
2022-09-21 11:04:55,420 [Worker-38: Building] WARN  o.e.m.c.i.embedder.EclipseLogger - Using platform encoding (UTF-8 actually) to copy filtered resources, i.e. build is platform dependent!
2022-09-21 11:04:55,420 [Worker-38: Building] INFO  o.e.m.c.i.embedder.EclipseLogger - skip non existing resourceDirectory /Users/albertogomez-martin/Documents/Core_Networks/curso_aplicaciones_empresariales_javaee_sep_2022/ejercicios/estandar/_10_Ejercicios_Repaso/src/main/resources
2022-09-21 11:04:55,425 [Worker-38: Building] WARN  o.e.m.c.i.embedder.EclipseLogger - Using platform encoding (UTF-8 actually) to copy filtered resources, i.e. build is platform dependent!
2022-09-21 11:04:55,426 [Worker-38: Building] INFO  o.e.m.c.i.embedder.EclipseLogger - skip non existing resourceDirectory /Users/albertogomez-martin/Documents/Core_Networks/curso_aplicaciones_empresariales_javaee_sep_2022/ejercicios/estandar/_10_Ejercicios_Repaso/src/test/resources
2022-09-21 11:06:46,104 [Worker-41: Building] WARN  o.e.m.c.i.embedder.EclipseLogger - Using platform encoding (UTF-8 actually) to copy filtered resources, i.e. build is platform dependent!
2022-09-21 11:06:46,105 [Worker-41: Building] INFO  o.e.m.c.i.embedder.EclipseLogger - skip non existing resourceDirectory /Users/albertogomez-martin/Documents/Core_Networks/curso_aplicaciones_empresariales_javaee_sep_2022/ejercicios/estandar/_10_Ejercicios_Repaso/src/main/resources
2022-09-21 11:06:46,107 [Worker-41: Building] WARN  o.e.m.c.i.embedder.EclipseLogger - Using platform encoding (UTF-8 actually) to copy filtered resources, i.e. build is platform dependent!
2022-09-21 11:06:46,108 [Worker-41: Building] INFO  o.e.m.c.i.embedder.EclipseLogger - skip non existing resourceDirectory /Users/albertogomez-martin/Documents/Core_Networks/curso_aplicaciones_empresariales_javaee_sep_2022/ejercicios/estandar/_10_Ejercicios_Repaso/src/test/resources
2022-09-21 11:07:04,535 [Worker-41: Building] WARN  o.e.m.c.i.embedder.EclipseLogger - Using platform encoding (UTF-8 actually) to copy filtered resources, i.e. build is platform dependent!
2022-09-21 11:07:04,536 [Worker-41: Building] INFO  o.e.m.c.i.embedder.EclipseLogger - skip non existing resourceDirectory /Users/albertogomez-martin/Documents/Core_Networks/curso_aplicaciones_empresariales_javaee_sep_2022/ejercicios/estandar/_10_Ejercicios_Repaso/src/main/resources
2022-09-21 11:07:04,538 [Worker-41: Building] WARN  o.e.m.c.i.embedder.EclipseLogger - Using platform encoding (UTF-8 actually) to copy filtered resources, i.e. build is platform dependent!
2022-09-21 11:07:04,539 [Worker-41: Building] INFO  o.e.m.c.i.embedder.EclipseLogger - skip non existing resourceDirectory /Users/albertogomez-martin/Documents/Core_Networks/curso_aplicaciones_empresariales_javaee_sep_2022/ejercicios/estandar/_10_Ejercicios_Repaso/src/test/resources
2022-09-21 11:07:14,729 [Worker-39: Building] WARN  o.e.m.c.i.embedder.EclipseLogger - Using platform encoding (UTF-8 actually) to copy filtered resources, i.e. build is platform dependent!
2022-09-21 11:07:14,730 [Worker-39: Building] INFO  o.e.m.c.i.embedder.EclipseLogger - skip non existing resourceDirectory /Users/albertogomez-martin/Documents/Core_Networks/curso_aplicaciones_empresariales_javaee_sep_2022/ejercicios/estandar/_10_Ejercicios_Repaso/src/main/resources
2022-09-21 11:07:14,737 [Worker-39: Building] WARN  o.e.m.c.i.embedder.EclipseLogger - Using platform encoding (UTF-8 actually) to copy filtered resources, i.e. build is platform dependent!
2022-09-21 11:07:14,738 [Worker-39: Building] INFO  o.e.m.c.i.embedder.EclipseLogger - skip non existing resourceDirectory /Users/albertogomez-martin/Documents/Core_Networks/curso_aplicaciones_empresariales_javaee_sep_2022/ejercicios/estandar/_10_Ejercicios_Repaso/src/test/resources
2022-09-21 11:09:02,666 [Worker-34: Building] WARN  o.e.m.c.i.embedder.EclipseLogger - Using platform encoding (UTF-8 actually) to copy filtered resources, i.e. build is platform dependent!
2022-09-21 11:09:02,666 [Worker-34: Building] INFO  o.e.m.c.i.embedder.EclipseLogger - skip non existing resourceDirectory /Users/albertogomez-martin/Documents/Core_Networks/curso_aplicaciones_empresariales_javaee_sep_2022/ejercicios/estandar/_10_Ejercicios_Repaso/src/main/resources
2022-09-21 11:09:02,668 [Worker-34: Building] WARN  o.e.m.c.i.embedder.EclipseLogger - Using platform encoding (UTF-8 actually) to copy filtered resources, i.e. build is platform dependent!
2022-09-21 11:09:02,669 [Worker-34: Building] INFO  o.e.m.c.i.embedder.EclipseLogger - skip non existing resourceDirectory /Users/albertogomez-martin/Documents/Core_Networks/curso_aplicaciones_empresariales_javaee_sep_2022/ejercicios/estandar/_10_Ejercicios_Repaso/src/test/resources
2022-09-21 11:09:23,002 [Worker-38: Building] WARN  o.e.m.c.i.embedder.EclipseLogger - Using platform encoding (UTF-8 actually) to copy filtered resources, i.e. build is platform dependent!
2022-09-21 11:09:23,003 [Worker-38: Building] INFO  o.e.m.c.i.embedder.EclipseLogger - skip non existing resourceDirectory /Users/albertogomez-martin/Documents/Core_Networks/curso_aplicaciones_empresariales_javaee_sep_2022/ejercicios/estandar/_10_Ejercicios_Repaso/src/main/resources
2022-09-21 11:09:23,006 [Worker-38: Building] WARN  o.e.m.c.i.embedder.EclipseLogger - Using platform encoding (UTF-8 actually) to copy filtered resources, i.e. build is platform dependent!
2022-09-21 11:09:23,007 [Worker-38: Building] INFO  o.e.m.c.i.embedder.EclipseLogger - skip non existing resourceDirectory /Users/albertogomez-martin/Documents/Core_Networks/curso_aplicaciones_empresariales_javaee_sep_2022/ejercicios/estandar/_10_Ejercicios_Repaso/src/test/resources
2022-09-21 11:09:57,385 [Worker-32: Building] WARN  o.e.m.c.i.embedder.EclipseLogger - Using platform encoding (UTF-8 actually) to copy filtered resources, i.e. build is platform dependent!
2022-09-21 11:09:57,386 [Worker-32: Building] INFO  o.e.m.c.i.embedder.EclipseLogger - skip non existing resourceDirectory /Users/albertogomez-martin/Documents/Core_Networks/curso_aplicaciones_empresariales_javaee_sep_2022/ejercicios/estandar/_10_Ejercicios_Repaso/src/main/resources
2022-09-21 11:09:57,390 [Worker-32: Building] WARN  o.e.m.c.i.embedder.EclipseLogger - Using platform encoding (UTF-8 actually) to copy filtered resources, i.e. build is platform dependent!
2022-09-21 11:09:57,390 [Worker-32: Building] INFO  o.e.m.c.i.embedder.EclipseLogger - skip non existing resourceDirectory /Users/albertogomez-martin/Documents/Core_Networks/curso_aplicaciones_empresariales_javaee_sep_2022/ejercicios/estandar/_10_Ejercicios_Repaso/src/test/resources
2022-09-21 11:10:37,213 [Worker-41: Building] WARN  o.e.m.c.i.embedder.EclipseLogger - Using platform encoding (UTF-8 actually) to copy filtered resources, i.e. build is platform dependent!
2022-09-21 11:10:37,214 [Worker-41: Building] INFO  o.e.m.c.i.embedder.EclipseLogger - skip non existing resourceDirectory /Users/albertogomez-martin/Documents/Core_Networks/curso_aplicaciones_empresariales_javaee_sep_2022/ejercicios/estandar/_10_Ejercicios_Repaso/src/main/resources
2022-09-21 11:10:37,217 [Worker-41: Building] WARN  o.e.m.c.i.embedder.EclipseLogger - Using platform encoding (UTF-8 actually) to copy filtered resources, i.e. build is platform dependent!
2022-09-21 11:10:37,218 [Worker-41: Building] INFO  o.e.m.c.i.embedder.EclipseLogger - skip non existing resourceDirectory /Users/albertogomez-martin/Documents/Core_Networks/curso_aplicaciones_empresariales_javaee_sep_2022/ejercicios/estandar/_10_Ejercicios_Repaso/src/test/resources
2022-09-21 11:11:01,471 [Worker-39: Building] WARN  o.e.m.c.i.embedder.EclipseLogger - Using platform encoding (UTF-8 actually) to copy filtered resources, i.e. build is platform dependent!
2022-09-21 11:11:01,472 [Worker-39: Building] INFO  o.e.m.c.i.embedder.EclipseLogger - skip non existing resourceDirectory /Users/albertogomez-martin/Documents/Core_Networks/curso_aplicaciones_empresariales_javaee_sep_2022/ejercicios/estandar/_10_Ejercicios_Repaso/src/main/resources
2022-09-21 11:11:01,475 [Worker-39: Building] WARN  o.e.m.c.i.embedder.EclipseLogger - Using platform encoding (UTF-8 actually) to copy filtered resources, i.e. build is platform dependent!
2022-09-21 11:11:01,476 [Worker-39: Building] INFO  o.e.m.c.i.embedder.EclipseLogger - skip non existing resourceDirectory /Users/albertogomez-martin/Documents/Core_Networks/curso_aplicaciones_empresariales_javaee_sep_2022/ejercicios/estandar/_10_Ejercicios_Repaso/src/test/resources
2022-09-21 11:11:34,053 [Worker-40: Building] WARN  o.e.m.c.i.embedder.EclipseLogger - Using platform encoding (UTF-8 actually) to copy filtered resources, i.e. build is platform dependent!
2022-09-21 11:11:34,054 [Worker-40: Building] INFO  o.e.m.c.i.embedder.EclipseLogger - skip non existing resourceDirectory /Users/albertogomez-martin/Documents/Core_Networks/curso_aplicaciones_empresariales_javaee_sep_2022/ejercicios/estandar/_10_Ejercicios_Repaso/src/main/resources
2022-09-21 11:11:34,057 [Worker-40: Building] WARN  o.e.m.c.i.embedder.EclipseLogger - Using platform encoding (UTF-8 actually) to copy filtered resources, i.e. build is platform dependent!
2022-09-21 11:11:34,058 [Worker-40: Building] INFO  o.e.m.c.i.embedder.EclipseLogger - skip non existing resourceDirectory /Users/albertogomez-martin/Documents/Core_Networks/curso_aplicaciones_empresariales_javaee_sep_2022/ejercicios/estandar/_10_Ejercicios_Repaso/src/test/resources
2022-09-21 11:11:45,007 [Worker-40: Building] WARN  o.e.m.c.i.embedder.EclipseLogger - Using platform encoding (UTF-8 actually) to copy filtered resources, i.e. build is platform dependent!
2022-09-21 11:11:45,008 [Worker-40: Building] INFO  o.e.m.c.i.embedder.EclipseLogger - skip non existing resourceDirectory /Users/albertogomez-martin/Documents/Core_Networks/curso_aplicaciones_empresariales_javaee_sep_2022/ejercicios/estandar/_10_Ejercicios_Repaso/src/main/resources
2022-09-21 11:11:45,010 [Worker-40: Building] WARN  o.e.m.c.i.embedder.EclipseLogger - Using platform encoding (UTF-8 actually) to copy filtered resources, i.e. build is platform dependent!
2022-09-21 11:11:45,011 [Worker-40: Building] INFO  o.e.m.c.i.embedder.EclipseLogger - skip non existing resourceDirectory /Users/albertogomez-martin/Documents/Core_Networks/curso_aplicaciones_empresariales_javaee_sep_2022/ejercicios/estandar/_10_Ejercicios_Repaso/src/test/resources
2022-09-21 11:12:01,660 [Worker-40: Building] WARN  o.e.m.c.i.embedder.EclipseLogger - Using platform encoding (UTF-8 actually) to copy filtered resources, i.e. build is platform dependent!
2022-09-21 11:12:01,661 [Worker-40: Building] INFO  o.e.m.c.i.embedder.EclipseLogger - skip non existing resourceDirectory /Users/albertogomez-martin/Documents/Core_Networks/curso_aplicaciones_empresariales_javaee_sep_2022/ejercicios/estandar/_10_Ejercicios_Repaso/src/main/resources
2022-09-21 11:12:01,662 [Worker-40: Building] WARN  o.e.m.c.i.embedder.EclipseLogger - Using platform encoding (UTF-8 actually) to copy filtered resources, i.e. build is platform dependent!
2022-09-21 11:12:01,663 [Worker-40: Building] INFO  o.e.m.c.i.embedder.EclipseLogger - skip non existing resourceDirectory /Users/albertogomez-martin/Documents/Core_Networks/curso_aplicaciones_empresariales_javaee_sep_2022/ejercicios/estandar/_10_Ejercicios_Repaso/src/test/resources
2022-09-21 11:12:12,190 [Worker-32: Building] WARN  o.e.m.c.i.embedder.EclipseLogger - Using platform encoding (UTF-8 actually) to copy filtered resources, i.e. build is platform dependent!
2022-09-21 11:12:12,191 [Worker-32: Building] INFO  o.e.m.c.i.embedder.EclipseLogger - skip non existing resourceDirectory /Users/albertogomez-martin/Documents/Core_Networks/curso_aplicaciones_empresariales_javaee_sep_2022/ejercicios/estandar/_10_Ejercicios_Repaso/src/main/resources
2022-09-21 11:12:12,199 [Worker-32: Building] WARN  o.e.m.c.i.embedder.EclipseLogger - Using platform encoding (UTF-8 actually) to copy filtered resources, i.e. build is platform dependent!
2022-09-21 11:12:12,200 [Worker-32: Building] INFO  o.e.m.c.i.embedder.EclipseLogger - skip non existing resourceDirectory /Users/albertogomez-martin/Documents/Core_Networks/curso_aplicaciones_empresariales_javaee_sep_2022/ejercicios/estandar/_10_Ejercicios_Repaso/src/test/resources
2022-09-21 11:22:17,024 [Worker-39: Building] WARN  o.e.m.c.i.embedder.EclipseLogger - Using platform encoding (UTF-8 actually) to copy filtered resources, i.e. build is platform dependent!
2022-09-21 11:22:17,032 [Worker-39: Building] INFO  o.e.m.c.i.embedder.EclipseLogger - skip non existing resourceDirectory /Users/albertogomez-martin/Documents/Core_Networks/curso_aplicaciones_empresariales_javaee_sep_2022/ejercicios/estandar/_10_Ejercicios_Repaso/src/main/resources
2022-09-21 11:22:17,050 [Worker-39: Building] WARN  o.e.m.c.i.embedder.EclipseLogger - Using platform encoding (UTF-8 actually) to copy filtered resources, i.e. build is platform dependent!
2022-09-21 11:22:17,056 [Worker-39: Building] INFO  o.e.m.c.i.embedder.EclipseLogger - skip non existing resourceDirectory /Users/albertogomez-martin/Documents/Core_Networks/curso_aplicaciones_empresariales_javaee_sep_2022/ejercicios/estandar/_10_Ejercicios_Repaso/src/test/resources
2022-09-21 11:22:56,542 [Worker-44: Building] WARN  o.e.m.c.i.embedder.EclipseLogger - Using platform encoding (UTF-8 actually) to copy filtered resources, i.e. build is platform dependent!
2022-09-21 11:22:56,545 [Worker-44: Building] INFO  o.e.m.c.i.embedder.EclipseLogger - skip non existing resourceDirectory /Users/albertogomez-martin/Documents/Core_Networks/curso_aplicaciones_empresariales_javaee_sep_2022/ejercicios/estandar/_10_Ejercicios_Repaso/src/main/resources
2022-09-21 11:22:56,549 [Worker-44: Building] WARN  o.e.m.c.i.embedder.EclipseLogger - Using platform encoding (UTF-8 actually) to copy filtered resources, i.e. build is platform dependent!
2022-09-21 11:22:56,550 [Worker-44: Building] INFO  o.e.m.c.i.embedder.EclipseLogger - skip non existing resourceDirectory /Users/albertogomez-martin/Documents/Core_Networks/curso_aplicaciones_empresariales_javaee_sep_2022/ejercicios/estandar/_10_Ejercicios_Repaso/src/test/resources
2022-09-21 11:24:40,099 [Worker-47: Building] WARN  o.e.m.c.i.embedder.EclipseLogger - Using platform encoding (UTF-8 actually) to copy filtered resources, i.e. build is platform dependent!
2022-09-21 11:24:40,102 [Worker-47: Building] INFO  o.e.m.c.i.embedder.EclipseLogger - skip non existing resourceDirectory /Users/albertogomez-martin/Documents/Core_Networks/curso_aplicaciones_empresariales_javaee_sep_2022/ejercicios/estandar/_10_Ejercicios_Repaso/src/main/resources
2022-09-21 11:24:40,106 [Worker-47: Building] WARN  o.e.m.c.i.embedder.EclipseLogger - Using platform encoding (UTF-8 actually) to copy filtered resources, i.e. build is platform dependent!
2022-09-21 11:24:40,108 [Worker-47: Building] INFO  o.e.m.c.i.embedder.EclipseLogger - skip non existing resourceDirectory /Users/albertogomez-martin/Documents/Core_Networks/curso_aplicaciones_empresariales_javaee_sep_2022/ejercicios/estandar/_10_Ejercicios_Repaso/src/test/resources
2022-09-21 11:26:03,835 [Worker-47: Building] WARN  o.e.m.c.i.embedder.EclipseLogger - Using platform encoding (UTF-8 actually) to copy filtered resources, i.e. build is platform dependent!
2022-09-21 11:26:03,839 [Worker-47: Building] INFO  o.e.m.c.i.embedder.EclipseLogger - skip non existing resourceDirectory /Users/albertogomez-martin/Documents/Core_Networks/curso_aplicaciones_empresariales_javaee_sep_2022/ejercicios/estandar/_10_Ejercicios_Repaso/src/main/resources
2022-09-21 11:26:03,845 [Worker-47: Building] WARN  o.e.m.c.i.embedder.EclipseLogger - Using platform encoding (UTF-8 actually) to copy filtered resources, i.e. build is platform dependent!
2022-09-21 11:26:03,847 [Worker-47: Building] INFO  o.e.m.c.i.embedder.EclipseLogger - skip non existing resourceDirectory /Users/albertogomez-martin/Documents/Core_Networks/curso_aplicaciones_empresariales_javaee_sep_2022/ejercicios/estandar/_10_Ejercicios_Repaso/src/test/resources
2022-09-21 11:31:30,783 [Worker-48: Building] WARN  o.e.m.c.i.embedder.EclipseLogger - Using platform encoding (UTF-8 actually) to copy filtered resources, i.e. build is platform dependent!
2022-09-21 11:31:30,786 [Worker-48: Building] INFO  o.e.m.c.i.embedder.EclipseLogger - skip non existing resourceDirectory /Users/albertogomez-martin/Documents/Core_Networks/curso_aplicaciones_empresariales_javaee_sep_2022/ejercicios/estandar/_10_Ejercicios_Repaso/src/main/resources
2022-09-21 11:31:30,789 [Worker-48: Building] WARN  o.e.m.c.i.embedder.EclipseLogger - Using platform encoding (UTF-8 actually) to copy filtered resources, i.e. build is platform dependent!
2022-09-21 11:31:30,790 [Worker-48: Building] INFO  o.e.m.c.i.embedder.EclipseLogger - skip non existing resourceDirectory /Users/albertogomez-martin/Documents/Core_Networks/curso_aplicaciones_empresariales_javaee_sep_2022/ejercicios/estandar/_10_Ejercicios_Repaso/src/test/resources
2022-09-21 11:32:31,945 [Worker-42: Building] WARN  o.e.m.c.i.embedder.EclipseLogger - Using platform encoding (UTF-8 actually) to copy filtered resources, i.e. build is platform dependent!
2022-09-21 11:32:31,949 [Worker-42: Building] INFO  o.e.m.c.i.embedder.EclipseLogger - skip non existing resourceDirectory /Users/albertogomez-martin/Documents/Core_Networks/curso_aplicaciones_empresariales_javaee_sep_2022/ejercicios/estandar/_10_Ejercicios_Repaso/src/main/resources
2022-09-21 11:32:31,966 [Worker-42: Building] WARN  o.e.m.c.i.embedder.EclipseLogger - Using platform encoding (UTF-8 actually) to copy filtered resources, i.e. build is platform dependent!
2022-09-21 11:32:31,969 [Worker-42: Building] INFO  o.e.m.c.i.embedder.EclipseLogger - skip non existing resourceDirectory /Users/albertogomez-martin/Documents/Core_Networks/curso_aplicaciones_empresariales_javaee_sep_2022/ejercicios/estandar/_10_Ejercicios_Repaso/src/test/resources
2022-09-21 11:34:02,420 [Worker-48: Building] WARN  o.e.m.c.i.embedder.EclipseLogger - Using platform encoding (UTF-8 actually) to copy filtered resources, i.e. build is platform dependent!
2022-09-21 11:34:02,423 [Worker-48: Building] INFO  o.e.m.c.i.embedder.EclipseLogger - skip non existing resourceDirectory /Users/albertogomez-martin/Documents/Core_Networks/curso_aplicaciones_empresariales_javaee_sep_2022/ejercicios/estandar/_10_Ejercicios_Repaso/src/main/resources
2022-09-21 11:34:02,429 [Worker-48: Building] WARN  o.e.m.c.i.embedder.EclipseLogger - Using platform encoding (UTF-8 actually) to copy filtered resources, i.e. build is platform dependent!
2022-09-21 11:34:02,430 [Worker-48: Building] INFO  o.e.m.c.i.embedder.EclipseLogger - skip non existing resourceDirectory /Users/albertogomez-martin/Documents/Core_Networks/curso_aplicaciones_empresariales_javaee_sep_2022/ejercicios/estandar/_10_Ejercicios_Repaso/src/test/resources
2022-09-21 11:34:28,189 [Worker-47: Building] WARN  o.e.m.c.i.embedder.EclipseLogger - Using platform encoding (UTF-8 actually) to copy filtered resources, i.e. build is platform dependent!
2022-09-21 11:34:28,194 [Worker-47: Building] INFO  o.e.m.c.i.embedder.EclipseLogger - skip non existing resourceDirectory /Users/albertogomez-martin/Documents/Core_Networks/curso_aplicaciones_empresariales_javaee_sep_2022/ejercicios/estandar/_10_Ejercicios_Repaso/src/main/resources
2022-09-21 11:34:28,200 [Worker-47: Building] WARN  o.e.m.c.i.embedder.EclipseLogger - Using platform encoding (UTF-8 actually) to copy filtered resources, i.e. build is platform dependent!
2022-09-21 11:34:28,201 [Worker-47: Building] INFO  o.e.m.c.i.embedder.EclipseLogger - skip non existing resourceDirectory /Users/albertogomez-martin/Documents/Core_Networks/curso_aplicaciones_empresariales_javaee_sep_2022/ejercicios/estandar/_10_Ejercicios_Repaso/src/test/resources
2022-09-21 11:34:46,944 [Worker-48: Building] WARN  o.e.m.c.i.embedder.EclipseLogger - Using platform encoding (UTF-8 actually) to copy filtered resources, i.e. build is platform dependent!
2022-09-21 11:34:46,947 [Worker-48: Building] INFO  o.e.m.c.i.embedder.EclipseLogger - skip non existing resourceDirectory /Users/albertogomez-martin/Documents/Core_Networks/curso_aplicaciones_empresariales_javaee_sep_2022/ejercicios/estandar/_10_Ejercicios_Repaso/src/main/resources
2022-09-21 11:34:46,949 [Worker-48: Building] WARN  o.e.m.c.i.embedder.EclipseLogger - Using platform encoding (UTF-8 actually) to copy filtered resources, i.e. build is platform dependent!
2022-09-21 11:34:46,950 [Worker-48: Building] INFO  o.e.m.c.i.embedder.EclipseLogger - skip non existing resourceDirectory /Users/albertogomez-martin/Documents/Core_Networks/curso_aplicaciones_empresariales_javaee_sep_2022/ejercicios/estandar/_10_Ejercicios_Repaso/src/test/resources
2022-09-21 11:35:46,732 [Worker-49: Building] WARN  o.e.m.c.i.embedder.EclipseLogger - Using platform encoding (UTF-8 actually) to copy filtered resources, i.e. build is platform dependent!
2022-09-21 11:35:46,737 [Worker-49: Building] INFO  o.e.m.c.i.embedder.EclipseLogger - skip non existing resourceDirectory /Users/albertogomez-martin/Documents/Core_Networks/curso_aplicaciones_empresariales_javaee_sep_2022/ejercicios/estandar/_10_Ejercicios_Repaso/src/main/resources
2022-09-21 11:35:46,740 [Worker-49: Building] WARN  o.e.m.c.i.embedder.EclipseLogger - Using platform encoding (UTF-8 actually) to copy filtered resources, i.e. build is platform dependent!
2022-09-21 11:35:46,743 [Worker-49: Building] INFO  o.e.m.c.i.embedder.EclipseLogger - skip non existing resourceDirectory /Users/albertogomez-martin/Documents/Core_Networks/curso_aplicaciones_empresariales_javaee_sep_2022/ejercicios/estandar/_10_Ejercicios_Repaso/src/test/resources
2022-09-21 11:36:50,732 [Worker-49: Building] WARN  o.e.m.c.i.embedder.EclipseLogger - Using platform encoding (UTF-8 actually) to copy filtered resources, i.e. build is platform dependent!
2022-09-21 11:36:50,735 [Worker-49: Building] INFO  o.e.m.c.i.embedder.EclipseLogger - skip non existing resourceDirectory /Users/albertogomez-martin/Documents/Core_Networks/curso_aplicaciones_empresariales_javaee_sep_2022/ejercicios/estandar/_10_Ejercicios_Repaso/src/main/resources
2022-09-21 11:36:50,743 [Worker-49: Building] WARN  o.e.m.c.i.embedder.EclipseLogger - Using platform encoding (UTF-8 actually) to copy filtered resources, i.e. build is platform dependent!
2022-09-21 11:36:50,746 [Worker-49: Building] INFO  o.e.m.c.i.embedder.EclipseLogger - skip non existing resourceDirectory /Users/albertogomez-martin/Documents/Core_Networks/curso_aplicaciones_empresariales_javaee_sep_2022/ejercicios/estandar/_10_Ejercicios_Repaso/src/test/resources
2022-09-21 11:37:10,434 [Worker-42: Building] WARN  o.e.m.c.i.embedder.EclipseLogger - Using platform encoding (UTF-8 actually) to copy filtered resources, i.e. build is platform dependent!
2022-09-21 11:37:10,435 [Worker-42: Building] INFO  o.e.m.c.i.embedder.EclipseLogger - skip non existing resourceDirectory /Users/albertogomez-martin/Documents/Core_Networks/curso_aplicaciones_empresariales_javaee_sep_2022/ejercicios/estandar/_10_Ejercicios_Repaso/src/main/resources
2022-09-21 11:37:10,439 [Worker-42: Building] WARN  o.e.m.c.i.embedder.EclipseLogger - Using platform encoding (UTF-8 actually) to copy filtered resources, i.e. build is platform dependent!
2022-09-21 11:37:10,440 [Worker-42: Building] INFO  o.e.m.c.i.embedder.EclipseLogger - skip non existing resourceDirectory /Users/albertogomez-martin/Documents/Core_Networks/curso_aplicaciones_empresariales_javaee_sep_2022/ejercicios/estandar/_10_Ejercicios_Repaso/src/test/resources
2022-09-21 11:37:21,348 [Worker-50: Building] WARN  o.e.m.c.i.embedder.EclipseLogger - Using platform encoding (UTF-8 actually) to copy filtered resources, i.e. build is platform dependent!
2022-09-21 11:37:21,349 [Worker-50: Building] INFO  o.e.m.c.i.embedder.EclipseLogger - skip non existing resourceDirectory /Users/albertogomez-martin/Documents/Core_Networks/curso_aplicaciones_empresariales_javaee_sep_2022/ejercicios/estandar/_10_Ejercicios_Repaso/src/main/resources
2022-09-21 11:37:21,352 [Worker-50: Building] WARN  o.e.m.c.i.embedder.EclipseLogger - Using platform encoding (UTF-8 actually) to copy filtered resources, i.e. build is platform dependent!
2022-09-21 11:37:21,353 [Worker-50: Building] INFO  o.e.m.c.i.embedder.EclipseLogger - skip non existing resourceDirectory /Users/albertogomez-martin/Documents/Core_Networks/curso_aplicaciones_empresariales_javaee_sep_2022/ejercicios/estandar/_10_Ejercicios_Repaso/src/test/resources
2022-09-21 11:38:37,136 [Worker-48: Building] WARN  o.e.m.c.i.embedder.EclipseLogger - Using platform encoding (UTF-8 actually) to copy filtered resources, i.e. build is platform dependent!
2022-09-21 11:38:37,142 [Worker-48: Building] INFO  o.e.m.c.i.embedder.EclipseLogger - skip non existing resourceDirectory /Users/albertogomez-martin/Documents/Core_Networks/curso_aplicaciones_empresariales_javaee_sep_2022/ejercicios/estandar/_10_Ejercicios_Repaso/src/main/resources
2022-09-21 11:38:37,145 [Worker-48: Building] WARN  o.e.m.c.i.embedder.EclipseLogger - Using platform encoding (UTF-8 actually) to copy filtered resources, i.e. build is platform dependent!
2022-09-21 11:38:37,146 [Worker-48: Building] INFO  o.e.m.c.i.embedder.EclipseLogger - skip non existing resourceDirectory /Users/albertogomez-martin/Documents/Core_Networks/curso_aplicaciones_empresariales_javaee_sep_2022/ejercicios/estandar/_10_Ejercicios_Repaso/src/test/resources
2022-09-21 11:38:54,428 [Worker-47: Building] WARN  o.e.m.c.i.embedder.EclipseLogger - Using platform encoding (UTF-8 actually) to copy filtered resources, i.e. build is platform dependent!
2022-09-21 11:38:54,432 [Worker-47: Building] INFO  o.e.m.c.i.embedder.EclipseLogger - skip non existing resourceDirectory /Users/albertogomez-martin/Documents/Core_Networks/curso_aplicaciones_empresariales_javaee_sep_2022/ejercicios/estandar/_10_Ejercicios_Repaso/src/main/resources
2022-09-21 11:38:54,437 [Worker-47: Building] WARN  o.e.m.c.i.embedder.EclipseLogger - Using platform encoding (UTF-8 actually) to copy filtered resources, i.e. build is platform dependent!
2022-09-21 11:38:54,440 [Worker-47: Building] INFO  o.e.m.c.i.embedder.EclipseLogger - skip non existing resourceDirectory /Users/albertogomez-martin/Documents/Core_Networks/curso_aplicaciones_empresariales_javaee_sep_2022/ejercicios/estandar/_10_Ejercicios_Repaso/src/test/resources
2022-09-21 11:39:01,601 [Worker-47: Building] WARN  o.e.m.c.i.embedder.EclipseLogger - Using platform encoding (UTF-8 actually) to copy filtered resources, i.e. build is platform dependent!
2022-09-21 11:39:01,602 [Worker-47: Building] INFO  o.e.m.c.i.embedder.EclipseLogger - skip non existing resourceDirectory /Users/albertogomez-martin/Documents/Core_Networks/curso_aplicaciones_empresariales_javaee_sep_2022/ejercicios/estandar/_10_Ejercicios_Repaso/src/main/resources
2022-09-21 11:39:01,605 [Worker-47: Building] WARN  o.e.m.c.i.embedder.EclipseLogger - Using platform encoding (UTF-8 actually) to copy filtered resources, i.e. build is platform dependent!
2022-09-21 11:39:01,606 [Worker-47: Building] INFO  o.e.m.c.i.embedder.EclipseLogger - skip non existing resourceDirectory /Users/albertogomez-martin/Documents/Core_Networks/curso_aplicaciones_empresariales_javaee_sep_2022/ejercicios/estandar/_10_Ejercicios_Repaso/src/test/resources
2022-09-21 11:39:05,174 [Worker-47: Building] WARN  o.e.m.c.i.embedder.EclipseLogger - Using platform encoding (UTF-8 actually) to copy filtered resources, i.e. build is platform dependent!
2022-09-21 11:39:05,175 [Worker-47: Building] INFO  o.e.m.c.i.embedder.EclipseLogger - skip non existing resourceDirectory /Users/albertogomez-martin/Documents/Core_Networks/curso_aplicaciones_empresariales_javaee_sep_2022/ejercicios/estandar/_10_Ejercicios_Repaso/src/main/resources
2022-09-21 11:39:05,178 [Worker-47: Building] WARN  o.e.m.c.i.embedder.EclipseLogger - Using platform encoding (UTF-8 actually) to copy filtered resources, i.e. build is platform dependent!
2022-09-21 11:39:05,180 [Worker-47: Building] INFO  o.e.m.c.i.embedder.EclipseLogger - skip non existing resourceDirectory /Users/albertogomez-martin/Documents/Core_Networks/curso_aplicaciones_empresariales_javaee_sep_2022/ejercicios/estandar/_10_Ejercicios_Repaso/src/test/resources
2022-09-21 11:39:07,943 [Worker-47: Building] WARN  o.e.m.c.i.embedder.EclipseLogger - Using platform encoding (UTF-8 actually) to copy filtered resources, i.e. build is platform dependent!
2022-09-21 11:39:07,945 [Worker-47: Building] INFO  o.e.m.c.i.embedder.EclipseLogger - skip non existing resourceDirectory /Users/albertogomez-martin/Documents/Core_Networks/curso_aplicaciones_empresariales_javaee_sep_2022/ejercicios/estandar/_10_Ejercicios_Repaso/src/main/resources
2022-09-21 11:39:07,948 [Worker-47: Building] WARN  o.e.m.c.i.embedder.EclipseLogger - Using platform encoding (UTF-8 actually) to copy filtered resources, i.e. build is platform dependent!
2022-09-21 11:39:07,949 [Worker-47: Building] INFO  o.e.m.c.i.embedder.EclipseLogger - skip non existing resourceDirectory /Users/albertogomez-martin/Documents/Core_Networks/curso_aplicaciones_empresariales_javaee_sep_2022/ejercicios/estandar/_10_Ejercicios_Repaso/src/test/resources
2022-09-21 11:40:14,873 [Worker-50: Building] WARN  o.e.m.c.i.embedder.EclipseLogger - Using platform encoding (UTF-8 actually) to copy filtered resources, i.e. build is platform dependent!
2022-09-21 11:40:14,875 [Worker-50: Building] INFO  o.e.m.c.i.embedder.EclipseLogger - skip non existing resourceDirectory /Users/albertogomez-martin/Documents/Core_Networks/curso_aplicaciones_empresariales_javaee_sep_2022/ejercicios/estandar/_10_Ejercicios_Repaso/src/main/resources
2022-09-21 11:40:14,883 [Worker-50: Building] WARN  o.e.m.c.i.embedder.EclipseLogger - Using platform encoding (UTF-8 actually) to copy filtered resources, i.e. build is platform dependent!
2022-09-21 11:40:14,884 [Worker-50: Building] INFO  o.e.m.c.i.embedder.EclipseLogger - skip non existing resourceDirectory /Users/albertogomez-martin/Documents/Core_Networks/curso_aplicaciones_empresariales_javaee_sep_2022/ejercicios/estandar/_10_Ejercicios_Repaso/src/test/resources
2022-09-21 11:41:53,164 [Worker-53: Building] WARN  o.e.m.c.i.embedder.EclipseLogger - Using platform encoding (UTF-8 actually) to copy filtered resources, i.e. build is platform dependent!
2022-09-21 11:41:53,166 [Worker-53: Building] INFO  o.e.m.c.i.embedder.EclipseLogger - skip non existing resourceDirectory /Users/albertogomez-martin/Documents/Core_Networks/curso_aplicaciones_empresariales_javaee_sep_2022/ejercicios/estandar/_10_Ejercicios_Repaso/src/main/resources
2022-09-21 11:41:53,173 [Worker-53: Building] WARN  o.e.m.c.i.embedder.EclipseLogger - Using platform encoding (UTF-8 actually) to copy filtered resources, i.e. build is platform dependent!
2022-09-21 11:41:53,174 [Worker-53: Building] INFO  o.e.m.c.i.embedder.EclipseLogger - skip non existing resourceDirectory /Users/albertogomez-martin/Documents/Core_Networks/curso_aplicaciones_empresariales_javaee_sep_2022/ejercicios/estandar/_10_Ejercicios_Repaso/src/test/resources
2022-09-21 11:42:52,865 [Worker-48: Building] WARN  o.e.m.c.i.embedder.EclipseLogger - Using platform encoding (UTF-8 actually) to copy filtered resources, i.e. build is platform dependent!
2022-09-21 11:42:52,868 [Worker-48: Building] INFO  o.e.m.c.i.embedder.EclipseLogger - skip non existing resourceDirectory /Users/albertogomez-martin/Documents/Core_Networks/curso_aplicaciones_empresariales_javaee_sep_2022/ejercicios/estandar/_10_Ejercicios_Repaso/src/main/resources
2022-09-21 11:42:52,871 [Worker-48: Building] WARN  o.e.m.c.i.embedder.EclipseLogger - Using platform encoding (UTF-8 actually) to copy filtered resources, i.e. build is platform dependent!
2022-09-21 11:42:52,872 [Worker-48: Building] INFO  o.e.m.c.i.embedder.EclipseLogger - skip non existing resourceDirectory /Users/albertogomez-martin/Documents/Core_Networks/curso_aplicaciones_empresariales_javaee_sep_2022/ejercicios/estandar/_10_Ejercicios_Repaso/src/test/resources
2022-09-21 11:43:50,339 [Worker-53: Building] WARN  o.e.m.c.i.embedder.EclipseLogger - Using platform encoding (UTF-8 actually) to copy filtered resources, i.e. build is platform dependent!
2022-09-21 11:43:50,342 [Worker-53: Building] INFO  o.e.m.c.i.embedder.EclipseLogger - skip non existing resourceDirectory /Users/albertogomez-martin/Documents/Core_Networks/curso_aplicaciones_empresariales_javaee_sep_2022/ejercicios/estandar/_10_Ejercicios_Repaso/src/main/resources
2022-09-21 11:43:50,345 [Worker-53: Building] WARN  o.e.m.c.i.embedder.EclipseLogger - Using platform encoding (UTF-8 actually) to copy filtered resources, i.e. build is platform dependent!
2022-09-21 11:43:50,347 [Worker-53: Building] INFO  o.e.m.c.i.embedder.EclipseLogger - skip non existing resourceDirectory /Users/albertogomez-martin/Documents/Core_Networks/curso_aplicaciones_empresariales_javaee_sep_2022/ejercicios/estandar/_10_Ejercicios_Repaso/src/test/resources
2022-09-21 11:45:01,719 [Worker-53: Building] WARN  o.e.m.c.i.embedder.EclipseLogger - Using platform encoding (UTF-8 actually) to copy filtered resources, i.e. build is platform dependent!
2022-09-21 11:45:01,723 [Worker-53: Building] INFO  o.e.m.c.i.embedder.EclipseLogger - skip non existing resourceDirectory /Users/albertogomez-martin/Documents/Core_Networks/curso_aplicaciones_empresariales_javaee_sep_2022/ejercicios/estandar/_10_Ejercicios_Repaso/src/main/resources
2022-09-21 11:45:01,726 [Worker-53: Building] WARN  o.e.m.c.i.embedder.EclipseLogger - Using platform encoding (UTF-8 actually) to copy filtered resources, i.e. build is platform dependent!
2022-09-21 11:45:01,727 [Worker-53: Building] INFO  o.e.m.c.i.embedder.EclipseLogger - skip non existing resourceDirectory /Users/albertogomez-martin/Documents/Core_Networks/curso_aplicaciones_empresariales_javaee_sep_2022/ejercicios/estandar/_10_Ejercicios_Repaso/src/test/resources
2022-09-21 11:45:52,683 [Worker-51: Building] INFO  o.e.m.c.i.l.LifecycleMappingFactory - Using org.eclipse.m2e.jdt.JarLifecycleMapping lifecycle mapping for MavenProject: _10_Ejercicios_Repaso:_10_Ejercicios_Repaso:0.0.1-SNAPSHOT @ /Users/albertogomez-martin/Documents/Core_Networks/curso_aplicaciones_empresariales_javaee_sep_2022/ejercicios/estandar/_10_Ejercicios_Repaso/pom.xml.
2022-09-21 11:45:53,110 [Worker-51: Building] WARN  o.e.m.c.i.embedder.EclipseLogger - Using platform encoding (UTF-8 actually) to copy filtered resources, i.e. build is platform dependent!
2022-09-21 11:45:53,114 [Worker-51: Building] INFO  o.e.m.c.i.embedder.EclipseLogger - skip non existing resourceDirectory /Users/albertogomez-martin/Documents/Core_Networks/curso_aplicaciones_empresariales_javaee_sep_2022/ejercicios/estandar/_10_Ejercicios_Repaso/src/main/resources
2022-09-21 11:45:53,118 [Worker-51: Building] WARN  o.e.m.c.i.embedder.EclipseLogger - Using platform encoding (UTF-8 actually) to copy filtered resources, i.e. build is platform dependent!
2022-09-21 11:45:53,119 [Worker-51: Building] INFO  o.e.m.c.i.embedder.EclipseLogger - skip non existing resourceDirectory /Users/albertogomez-martin/Documents/Core_Networks/curso_aplicaciones_empresariales_javaee_sep_2022/ejercicios/estandar/_10_Ejercicios_Repaso/src/test/resources
2022-09-21 11:48:15,521 [Worker-48: Building] WARN  o.e.m.c.i.embedder.EclipseLogger - Using platform encoding (UTF-8 actually) to copy filtered resources, i.e. build is platform dependent!
2022-09-21 11:48:15,527 [Worker-48: Building] INFO  o.e.m.c.i.embedder.EclipseLogger - skip non existing resourceDirectory /Users/albertogomez-martin/Documents/Core_Networks/curso_aplicaciones_empresariales_javaee_sep_2022/ejercicios/estandar/_10_Ejercicios_Repaso/src/main/resources
2022-09-21 11:48:15,538 [Worker-48: Building] WARN  o.e.m.c.i.embedder.EclipseLogger - Using platform encoding (UTF-8 actually) to copy filtered resources, i.e. build is platform dependent!
2022-09-21 11:48:15,539 [Worker-48: Building] INFO  o.e.m.c.i.embedder.EclipseLogger - skip non existing resourceDirectory /Users/albertogomez-martin/Documents/Core_Networks/curso_aplicaciones_empresariales_javaee_sep_2022/ejercicios/estandar/_10_Ejercicios_Repaso/src/test/resources
2022-09-21 11:48:44,859 [Worker-48: Building] WARN  o.e.m.c.i.embedder.EclipseLogger - Using platform encoding (UTF-8 actually) to copy filtered resources, i.e. build is platform dependent!
2022-09-21 11:48:44,861 [Worker-48: Building] INFO  o.e.m.c.i.embedder.EclipseLogger - skip non existing resourceDirectory /Users/albertogomez-martin/Documents/Core_Networks/curso_aplicaciones_empresariales_javaee_sep_2022/ejercicios/estandar/_10_Ejercicios_Repaso/src/main/resources
2022-09-21 11:48:44,868 [Worker-48: Building] WARN  o.e.m.c.i.embedder.EclipseLogger - Using platform encoding (UTF-8 actually) to copy filtered resources, i.e. build is platform dependent!
2022-09-21 11:48:44,868 [Worker-48: Building] INFO  o.e.m.c.i.embedder.EclipseLogger - skip non existing resourceDirectory /Users/albertogomez-martin/Documents/Core_Networks/curso_aplicaciones_empresariales_javaee_sep_2022/ejercicios/estandar/_10_Ejercicios_Repaso/src/test/resources
2022-09-21 11:48:57,926 [Worker-48: Building] WARN  o.e.m.c.i.embedder.EclipseLogger - Using platform encoding (UTF-8 actually) to copy filtered resources, i.e. build is platform dependent!
2022-09-21 11:48:57,927 [Worker-48: Building] INFO  o.e.m.c.i.embedder.EclipseLogger - skip non existing resourceDirectory /Users/albertogomez-martin/Documents/Core_Networks/curso_aplicaciones_empresariales_javaee_sep_2022/ejercicios/estandar/_10_Ejercicios_Repaso/src/main/resources
2022-09-21 11:48:57,932 [Worker-48: Building] WARN  o.e.m.c.i.embedder.EclipseLogger - Using platform encoding (UTF-8 actually) to copy filtered resources, i.e. build is platform dependent!
2022-09-21 11:48:57,937 [Worker-48: Building] INFO  o.e.m.c.i.embedder.EclipseLogger - skip non existing resourceDirectory /Users/albertogomez-martin/Documents/Core_Networks/curso_aplicaciones_empresariales_javaee_sep_2022/ejercicios/estandar/_10_Ejercicios_Repaso/src/test/resources
2022-09-21 11:49:13,472 [Worker-53: Building] WARN  o.e.m.c.i.embedder.EclipseLogger - Using platform encoding (UTF-8 actually) to copy filtered resources, i.e. build is platform dependent!
2022-09-21 11:49:13,473 [Worker-53: Building] INFO  o.e.m.c.i.embedder.EclipseLogger - skip non existing resourceDirectory /Users/albertogomez-martin/Documents/Core_Networks/curso_aplicaciones_empresariales_javaee_sep_2022/ejercicios/estandar/_10_Ejercicios_Repaso/src/main/resources
2022-09-21 11:49:13,478 [Worker-53: Building] WARN  o.e.m.c.i.embedder.EclipseLogger - Using platform encoding (UTF-8 actually) to copy filtered resources, i.e. build is platform dependent!
2022-09-21 11:49:13,480 [Worker-53: Building] INFO  o.e.m.c.i.embedder.EclipseLogger - skip non existing resourceDirectory /Users/albertogomez-martin/Documents/Core_Networks/curso_aplicaciones_empresariales_javaee_sep_2022/ejercicios/estandar/_10_Ejercicios_Repaso/src/test/resources
2022-09-21 12:02:42,715 [Worker-57: Building] WARN  o.e.m.c.i.embedder.EclipseLogger - Using platform encoding (UTF-8 actually) to copy filtered resources, i.e. build is platform dependent!
2022-09-21 12:02:42,737 [Worker-57: Building] INFO  o.e.m.c.i.embedder.EclipseLogger - skip non existing resourceDirectory /Users/albertogomez-martin/Documents/Core_Networks/curso_aplicaciones_empresariales_javaee_sep_2022/ejercicios/estandar/_10_Ejercicios_Repaso/src/main/resources
2022-09-21 12:02:42,758 [Worker-57: Building] WARN  o.e.m.c.i.embedder.EclipseLogger - Using platform encoding (UTF-8 actually) to copy filtered resources, i.e. build is platform dependent!
2022-09-21 12:02:42,760 [Worker-57: Building] INFO  o.e.m.c.i.embedder.EclipseLogger - skip non existing resourceDirectory /Users/albertogomez-martin/Documents/Core_Networks/curso_aplicaciones_empresariales_javaee_sep_2022/ejercicios/estandar/_10_Ejercicios_Repaso/src/test/resources
2022-09-21 12:03:34,450 [Worker-10: Loading available Gradle versions] INFO  o.e.b.c.i.u.g.PublishedGradleVersions - Gradle version information cache is out-of-date. Trying to update.
2022-09-21 12:04:19,600 [Worker-18: Building] WARN  o.e.m.c.i.embedder.EclipseLogger - Using platform encoding (UTF-8 actually) to copy filtered resources, i.e. build is platform dependent!
2022-09-21 12:04:19,605 [Worker-18: Building] INFO  o.e.m.c.i.embedder.EclipseLogger - skip non existing resourceDirectory /Users/albertogomez-martin/Documents/Core_Networks/curso_aplicaciones_empresariales_javaee_sep_2022/ejercicios/estandar/_10_Ejercicios_Repaso/src/main/resources
2022-09-21 12:04:19,614 [Worker-18: Building] WARN  o.e.m.c.i.embedder.EclipseLogger - Using platform encoding (UTF-8 actually) to copy filtered resources, i.e. build is platform dependent!
2022-09-21 12:04:19,615 [Worker-18: Building] INFO  o.e.m.c.i.embedder.EclipseLogger - skip non existing resourceDirectory /Users/albertogomez-martin/Documents/Core_Networks/curso_aplicaciones_empresariales_javaee_sep_2022/ejercicios/estandar/_10_Ejercicios_Repaso/src/test/resources
2022-09-21 12:04:55,993 [Worker-2: Building] WARN  o.e.m.c.i.embedder.EclipseLogger - Using platform encoding (UTF-8 actually) to copy filtered resources, i.e. build is platform dependent!
2022-09-21 12:04:55,996 [Worker-2: Building] INFO  o.e.m.c.i.embedder.EclipseLogger - skip non existing resourceDirectory /Users/albertogomez-martin/Documents/Core_Networks/curso_aplicaciones_empresariales_javaee_sep_2022/ejercicios/estandar/_10_Ejercicios_Repaso/src/main/resources
2022-09-21 12:04:56,005 [Worker-2: Building] WARN  o.e.m.c.i.embedder.EclipseLogger - Using platform encoding (UTF-8 actually) to copy filtered resources, i.e. build is platform dependent!
2022-09-21 12:04:56,007 [Worker-2: Building] INFO  o.e.m.c.i.embedder.EclipseLogger - skip non existing resourceDirectory /Users/albertogomez-martin/Documents/Core_Networks/curso_aplicaciones_empresariales_javaee_sep_2022/ejercicios/estandar/_10_Ejercicios_Repaso/src/test/resources
2022-09-23 09:10:20,909 [Worker-88: Building] INFO  o.e.m.c.i.l.LifecycleMappingFactory - Using org.eclipse.m2e.jdt.JarLifecycleMapping lifecycle mapping for MavenProject: _10_Ejercicios_Repaso:_10_Ejercicios_Repaso:0.0.1-SNAPSHOT @ /Users/albertogomez-martin/Documents/Core_Networks/curso_aplicaciones_empresariales_javaee_sep_2022/ejercicios/estandar/_16_Ejercicios_Repaso_STREAM/pom.xml.
2022-09-23 09:10:21,163 [Worker-88: Building] WARN  o.e.m.c.i.embedder.EclipseLogger - Using platform encoding (UTF-8 actually) to copy filtered resources, i.e. build is platform dependent!
2022-09-23 09:10:21,168 [Worker-88: Building] INFO  o.e.m.c.i.embedder.EclipseLogger - skip non existing resourceDirectory /Users/albertogomez-martin/Documents/Core_Networks/curso_aplicaciones_empresariales_javaee_sep_2022/ejercicios/estandar/_16_Ejercicios_Repaso_STREAM/src/main/resources
2022-09-23 09:10:21,198 [Worker-88: Building] WARN  o.e.m.c.i.embedder.EclipseLogger - Using platform encoding (UTF-8 actually) to copy filtered resources, i.e. build is platform dependent!
2022-09-23 09:10:21,200 [Worker-88: Building] INFO  o.e.m.c.i.embedder.EclipseLogger - skip non existing resourceDirectory /Users/albertogomez-martin/Documents/Core_Networks/curso_aplicaciones_empresariales_javaee_sep_2022/ejercicios/estandar/_16_Ejercicios_Repaso_STREAM/src/test/resources
2022-09-23 09:10:22,565 [Worker-95: Building] WARN  o.e.m.c.i.embedder.EclipseLogger - Using platform encoding (UTF-8 actually) to copy filtered resources, i.e. build is platform dependent!
2022-09-23 09:10:22,567 [Worker-95: Building] INFO  o.e.m.c.i.embedder.EclipseLogger - skip non existing resourceDirectory /Users/albertogomez-martin/Documents/Core_Networks/curso_aplicaciones_empresariales_javaee_sep_2022/ejercicios/estandar/_16_Ejercicios_Repaso_STREAM/src/main/resources
2022-09-23 09:10:22,573 [Worker-95: Building] WARN  o.e.m.c.i.embedder.EclipseLogger - Using platform encoding (UTF-8 actually) to copy filtered resources, i.e. build is platform dependent!
2022-09-23 09:10:22,574 [Worker-95: Building] INFO  o.e.m.c.i.embedder.EclipseLogger - skip non existing resourceDirectory /Users/albertogomez-martin/Documents/Core_Networks/curso_aplicaciones_empresariales_javaee_sep_2022/ejercicios/estandar/_16_Ejercicios_Repaso_STREAM/src/test/resources
2022-09-23 09:11:14,540 [Worker-94: Building] WARN  o.e.m.c.i.embedder.EclipseLogger - Using platform encoding (UTF-8 actually) to copy filtered resources, i.e. build is platform dependent!
2022-09-23 09:11:14,542 [Worker-94: Building] INFO  o.e.m.c.i.embedder.EclipseLogger - skip non existing resourceDirectory /Users/albertogomez-martin/Documents/Core_Networks/curso_aplicaciones_empresariales_javaee_sep_2022/ejercicios/estandar/_10_Ejercicios_Repaso/src/main/resources
2022-09-23 09:11:14,546 [Worker-94: Building] WARN  o.e.m.c.i.embedder.EclipseLogger - Using platform encoding (UTF-8 actually) to copy filtered resources, i.e. build is platform dependent!
2022-09-23 09:11:14,547 [Worker-94: Building] INFO  o.e.m.c.i.embedder.EclipseLogger - skip non existing resourceDirectory /Users/albertogomez-martin/Documents/Core_Networks/curso_aplicaciones_empresariales_javaee_sep_2022/ejercicios/estandar/_10_Ejercicios_Repaso/src/test/resources
2022-09-23 09:11:26,541 [Worker-96: Building] WARN  o.e.m.c.i.embedder.EclipseLogger - Using platform encoding (UTF-8 actually) to copy filtered resources, i.e. build is platform dependent!
2022-09-23 09:11:26,546 [Worker-96: Building] INFO  o.e.m.c.i.embedder.EclipseLogger - skip non existing resourceDirectory /Users/albertogomez-martin/Documents/Core_Networks/curso_aplicaciones_empresariales_javaee_sep_2022/ejercicios/estandar/_10_Ejercicios_Repaso/src/main/resources
2022-09-23 09:11:26,550 [Worker-96: Building] WARN  o.e.m.c.i.embedder.EclipseLogger - Using platform encoding (UTF-8 actually) to copy filtered resources, i.e. build is platform dependent!
2022-09-23 09:11:26,551 [Worker-96: Building] INFO  o.e.m.c.i.embedder.EclipseLogger - skip non existing resourceDirectory /Users/albertogomez-martin/Documents/Core_Networks/curso_aplicaciones_empresariales_javaee_sep_2022/ejercicios/estandar/_10_Ejercicios_Repaso/src/test/resources
2022-09-23 09:13:59,380 [Worker-88: Building] WARN  o.e.m.c.i.embedder.EclipseLogger - Using platform encoding (UTF-8 actually) to copy filtered resources, i.e. build is platform dependent!
2022-09-23 09:13:59,388 [Worker-88: Building] INFO  o.e.m.c.i.embedder.EclipseLogger - skip non existing resourceDirectory /Users/albertogomez-martin/Documents/Core_Networks/curso_aplicaciones_empresariales_javaee_sep_2022/ejercicios/estandar/_16_Ejercicios_Repaso_STREAM/src/main/resources
2022-09-23 09:13:59,395 [Worker-88: Building] WARN  o.e.m.c.i.embedder.EclipseLogger - Using platform encoding (UTF-8 actually) to copy filtered resources, i.e. build is platform dependent!
2022-09-23 09:13:59,397 [Worker-88: Building] INFO  o.e.m.c.i.embedder.EclipseLogger - skip non existing resourceDirectory /Users/albertogomez-martin/Documents/Core_Networks/curso_aplicaciones_empresariales_javaee_sep_2022/ejercicios/estandar/_16_Ejercicios_Repaso_STREAM/src/test/resources
2022-09-23 09:14:38,001 [Worker-99: Building] WARN  o.e.m.c.i.embedder.EclipseLogger - Using platform encoding (UTF-8 actually) to copy filtered resources, i.e. build is platform dependent!
2022-09-23 09:14:38,003 [Worker-99: Building] INFO  o.e.m.c.i.embedder.EclipseLogger - skip non existing resourceDirectory /Users/albertogomez-martin/Documents/Core_Networks/curso_aplicaciones_empresariales_javaee_sep_2022/ejercicios/estandar/_16_Ejercicios_Repaso_STREAM/src/main/resources
2022-09-23 09:14:38,006 [Worker-99: Building] WARN  o.e.m.c.i.embedder.EclipseLogger - Using platform encoding (UTF-8 actually) to copy filtered resources, i.e. build is platform dependent!
2022-09-23 09:14:38,007 [Worker-99: Building] INFO  o.e.m.c.i.embedder.EclipseLogger - skip non existing resourceDirectory /Users/albertogomez-martin/Documents/Core_Networks/curso_aplicaciones_empresariales_javaee_sep_2022/ejercicios/estandar/_16_Ejercicios_Repaso_STREAM/src/test/resources
2022-09-23 09:15:13,886 [Worker-94: Building] WARN  o.e.m.c.i.embedder.EclipseLogger - Using platform encoding (UTF-8 actually) to copy filtered resources, i.e. build is platform dependent!
2022-09-23 09:15:13,891 [Worker-94: Building] INFO  o.e.m.c.i.embedder.EclipseLogger - skip non existing resourceDirectory /Users/albertogomez-martin/Documents/Core_Networks/curso_aplicaciones_empresariales_javaee_sep_2022/ejercicios/estandar/_16_Ejercicios_Repaso_STREAM/src/main/resources
2022-09-23 09:15:13,902 [Worker-94: Building] WARN  o.e.m.c.i.embedder.EclipseLogger - Using platform encoding (UTF-8 actually) to copy filtered resources, i.e. build is platform dependent!
2022-09-23 09:15:13,903 [Worker-94: Building] INFO  o.e.m.c.i.embedder.EclipseLogger - skip non existing resourceDirectory /Users/albertogomez-martin/Documents/Core_Networks/curso_aplicaciones_empresariales_javaee_sep_2022/ejercicios/estandar/_16_Ejercicios_Repaso_STREAM/src/test/resources
2022-09-23 09:32:56,448 [Worker-98: Building] WARN  o.e.m.c.i.embedder.EclipseLogger - Using platform encoding (UTF-8 actually) to copy filtered resources, i.e. build is platform dependent!
2022-09-23 09:32:56,457 [Worker-98: Building] INFO  o.e.m.c.i.embedder.EclipseLogger - skip non existing resourceDirectory /Users/albertogomez-martin/Documents/Core_Networks/curso_aplicaciones_empresariales_javaee_sep_2022/ejercicios/estandar/_16_Ejercicios_Repaso_STREAM/src/main/resources
2022-09-23 09:32:56,473 [Worker-98: Building] WARN  o.e.m.c.i.embedder.EclipseLogger - Using platform encoding (UTF-8 actually) to copy filtered resources, i.e. build is platform dependent!
2022-09-23 09:32:56,473 [Worker-98: Building] INFO  o.e.m.c.i.embedder.EclipseLogger - skip non existing resourceDirectory /Users/albertogomez-martin/Documents/Core_Networks/curso_aplicaciones_empresariales_javaee_sep_2022/ejercicios/estandar/_16_Ejercicios_Repaso_STREAM/src/test/resources
2022-09-23 09:36:13,128 [Worker-104: Building] WARN  o.e.m.c.i.embedder.EclipseLogger - Using platform encoding (UTF-8 actually) to copy filtered resources, i.e. build is platform dependent!
2022-09-23 09:36:13,131 [Worker-104: Building] INFO  o.e.m.c.i.embedder.EclipseLogger - skip non existing resourceDirectory /Users/albertogomez-martin/Documents/Core_Networks/curso_aplicaciones_empresariales_javaee_sep_2022/ejercicios/estandar/_10_Ejercicios_Repaso/src/main/resources
2022-09-23 09:36:13,141 [Worker-104: Building] WARN  o.e.m.c.i.embedder.EclipseLogger - Using platform encoding (UTF-8 actually) to copy filtered resources, i.e. build is platform dependent!
2022-09-23 09:36:13,142 [Worker-104: Building] INFO  o.e.m.c.i.embedder.EclipseLogger - skip non existing resourceDirectory /Users/albertogomez-martin/Documents/Core_Networks/curso_aplicaciones_empresariales_javaee_sep_2022/ejercicios/estandar/_10_Ejercicios_Repaso/src/test/resources
2022-09-23 09:38:59,345 [Worker-104: Building] WARN  o.e.m.c.i.embedder.EclipseLogger - Using platform encoding (UTF-8 actually) to copy filtered resources, i.e. build is platform dependent!
2022-09-23 09:38:59,356 [Worker-104: Building] INFO  o.e.m.c.i.embedder.EclipseLogger - skip non existing resourceDirectory /Users/albertogomez-martin/Documents/Core_Networks/curso_aplicaciones_empresariales_javaee_sep_2022/ejercicios/estandar/_16_Ejercicios_Repaso_STREAM/src/main/resources
2022-09-23 09:38:59,365 [Worker-104: Building] WARN  o.e.m.c.i.embedder.EclipseLogger - Using platform encoding (UTF-8 actually) to copy filtered resources, i.e. build is platform dependent!
2022-09-23 09:38:59,367 [Worker-104: Building] INFO  o.e.m.c.i.embedder.EclipseLogger - skip non existing resourceDirectory /Users/albertogomez-martin/Documents/Core_Networks/curso_aplicaciones_empresariales_javaee_sep_2022/ejercicios/estandar/_16_Ejercicios_Repaso_STREAM/src/test/resources
2022-09-23 09:40:07,945 [Worker-104: Building] WARN  o.e.m.c.i.embedder.EclipseLogger - Using platform encoding (UTF-8 actually) to copy filtered resources, i.e. build is platform dependent!
2022-09-23 09:40:07,948 [Worker-104: Building] INFO  o.e.m.c.i.embedder.EclipseLogger - skip non existing resourceDirectory /Users/albertogomez-martin/Documents/Core_Networks/curso_aplicaciones_empresariales_javaee_sep_2022/ejercicios/estandar/_16_Ejercicios_Repaso_STREAM/src/main/resources
2022-09-23 09:40:07,953 [Worker-104: Building] WARN  o.e.m.c.i.embedder.EclipseLogger - Using platform encoding (UTF-8 actually) to copy filtered resources, i.e. build is platform dependent!
2022-09-23 09:40:07,954 [Worker-104: Building] INFO  o.e.m.c.i.embedder.EclipseLogger - skip non existing resourceDirectory /Users/albertogomez-martin/Documents/Core_Networks/curso_aplicaciones_empresariales_javaee_sep_2022/ejercicios/estandar/_16_Ejercicios_Repaso_STREAM/src/test/resources
2022-09-23 09:43:33,081 [Worker-107: Building] WARN  o.e.m.c.i.embedder.EclipseLogger - Using platform encoding (UTF-8 actually) to copy filtered resources, i.e. build is platform dependent!
2022-09-23 09:43:33,084 [Worker-107: Building] INFO  o.e.m.c.i.embedder.EclipseLogger - skip non existing resourceDirectory /Users/albertogomez-martin/Documents/Core_Networks/curso_aplicaciones_empresariales_javaee_sep_2022/ejercicios/estandar/_16_Ejercicios_Repaso_STREAM/src/main/resources
2022-09-23 09:43:33,088 [Worker-107: Building] WARN  o.e.m.c.i.embedder.EclipseLogger - Using platform encoding (UTF-8 actually) to copy filtered resources, i.e. build is platform dependent!
2022-09-23 09:43:33,089 [Worker-107: Building] INFO  o.e.m.c.i.embedder.EclipseLogger - skip non existing resourceDirectory /Users/albertogomez-martin/Documents/Core_Networks/curso_aplicaciones_empresariales_javaee_sep_2022/ejercicios/estandar/_16_Ejercicios_Repaso_STREAM/src/test/resources
2022-09-23 09:45:25,329 [Worker-105: Building] WARN  o.e.m.c.i.embedder.EclipseLogger - Using platform encoding (UTF-8 actually) to copy filtered resources, i.e. build is platform dependent!
2022-09-23 09:45:25,330 [Worker-105: Building] INFO  o.e.m.c.i.embedder.EclipseLogger - skip non existing resourceDirectory /Users/albertogomez-martin/Documents/Core_Networks/curso_aplicaciones_empresariales_javaee_sep_2022/ejercicios/estandar/_16_Ejercicios_Repaso_STREAM/src/main/resources
2022-09-23 09:45:25,336 [Worker-105: Building] WARN  o.e.m.c.i.embedder.EclipseLogger - Using platform encoding (UTF-8 actually) to copy filtered resources, i.e. build is platform dependent!
2022-09-23 09:45:25,339 [Worker-105: Building] INFO  o.e.m.c.i.embedder.EclipseLogger - skip non existing resourceDirectory /Users/albertogomez-martin/Documents/Core_Networks/curso_aplicaciones_empresariales_javaee_sep_2022/ejercicios/estandar/_16_Ejercicios_Repaso_STREAM/src/test/resources
2022-09-23 09:45:32,970 [Worker-108: Building] WARN  o.e.m.c.i.embedder.EclipseLogger - Using platform encoding (UTF-8 actually) to copy filtered resources, i.e. build is platform dependent!
2022-09-23 09:45:32,971 [Worker-108: Building] INFO  o.e.m.c.i.embedder.EclipseLogger - skip non existing resourceDirectory /Users/albertogomez-martin/Documents/Core_Networks/curso_aplicaciones_empresariales_javaee_sep_2022/ejercicios/estandar/_16_Ejercicios_Repaso_STREAM/src/main/resources
2022-09-23 09:45:32,975 [Worker-108: Building] WARN  o.e.m.c.i.embedder.EclipseLogger - Using platform encoding (UTF-8 actually) to copy filtered resources, i.e. build is platform dependent!
2022-09-23 09:45:32,976 [Worker-108: Building] INFO  o.e.m.c.i.embedder.EclipseLogger - skip non existing resourceDirectory /Users/albertogomez-martin/Documents/Core_Networks/curso_aplicaciones_empresariales_javaee_sep_2022/ejercicios/estandar/_16_Ejercicios_Repaso_STREAM/src/test/resources
2022-09-23 09:50:24,677 [Worker-105: Building] WARN  o.e.m.c.i.embedder.EclipseLogger - Using platform encoding (UTF-8 actually) to copy filtered resources, i.e. build is platform dependent!
2022-09-23 09:50:24,691 [Worker-105: Building] INFO  o.e.m.c.i.embedder.EclipseLogger - skip non existing resourceDirectory /Users/albertogomez-martin/Documents/Core_Networks/curso_aplicaciones_empresariales_javaee_sep_2022/ejercicios/estandar/_16_Ejercicios_Repaso_STREAM/src/main/resources
2022-09-23 09:50:24,699 [Worker-105: Building] WARN  o.e.m.c.i.embedder.EclipseLogger - Using platform encoding (UTF-8 actually) to copy filtered resources, i.e. build is platform dependent!
2022-09-23 09:50:24,701 [Worker-105: Building] INFO  o.e.m.c.i.embedder.EclipseLogger - skip non existing resourceDirectory /Users/albertogomez-martin/Documents/Core_Networks/curso_aplicaciones_empresariales_javaee_sep_2022/ejercicios/estandar/_16_Ejercicios_Repaso_STREAM/src/test/resources
2022-09-23 09:51:41,309 [Worker-105: Building] WARN  o.e.m.c.i.embedder.EclipseLogger - Using platform encoding (UTF-8 actually) to copy filtered resources, i.e. build is platform dependent!
2022-09-23 09:51:41,311 [Worker-105: Building] INFO  o.e.m.c.i.embedder.EclipseLogger - skip non existing resourceDirectory /Users/albertogomez-martin/Documents/Core_Networks/curso_aplicaciones_empresariales_javaee_sep_2022/ejercicios/estandar/_16_Ejercicios_Repaso_STREAM/src/main/resources
2022-09-23 09:51:41,319 [Worker-105: Building] WARN  o.e.m.c.i.embedder.EclipseLogger - Using platform encoding (UTF-8 actually) to copy filtered resources, i.e. build is platform dependent!
2022-09-23 09:51:41,320 [Worker-105: Building] INFO  o.e.m.c.i.embedder.EclipseLogger - skip non existing resourceDirectory /Users/albertogomez-martin/Documents/Core_Networks/curso_aplicaciones_empresariales_javaee_sep_2022/ejercicios/estandar/_16_Ejercicios_Repaso_STREAM/src/test/resources
2022-09-23 10:08:56,337 [Worker-116: Building] WARN  o.e.m.c.i.embedder.EclipseLogger - Using platform encoding (UTF-8 actually) to copy filtered resources, i.e. build is platform dependent!
2022-09-23 10:08:56,341 [Worker-116: Building] INFO  o.e.m.c.i.embedder.EclipseLogger - skip non existing resourceDirectory /Users/albertogomez-martin/Documents/Core_Networks/curso_aplicaciones_empresariales_javaee_sep_2022/ejercicios/estandar/_16_Ejercicios_Repaso_STREAM/src/main/resources
2022-09-23 10:08:56,345 [Worker-116: Building] WARN  o.e.m.c.i.embedder.EclipseLogger - Using platform encoding (UTF-8 actually) to copy filtered resources, i.e. build is platform dependent!
2022-09-23 10:08:56,347 [Worker-116: Building] INFO  o.e.m.c.i.embedder.EclipseLogger - skip non existing resourceDirectory /Users/albertogomez-martin/Documents/Core_Networks/curso_aplicaciones_empresariales_javaee_sep_2022/ejercicios/estandar/_16_Ejercicios_Repaso_STREAM/src/test/resources
2022-09-23 10:15:36,212 [Worker-118: Building] WARN  o.e.m.c.i.embedder.EclipseLogger - Using platform encoding (UTF-8 actually) to copy filtered resources, i.e. build is platform dependent!
2022-09-23 10:15:36,217 [Worker-118: Building] INFO  o.e.m.c.i.embedder.EclipseLogger - skip non existing resourceDirectory /Users/albertogomez-martin/Documents/Core_Networks/curso_aplicaciones_empresariales_javaee_sep_2022/ejercicios/estandar/_16_Ejercicios_Repaso_STREAM/src/main/resources
2022-09-23 10:15:36,220 [Worker-118: Building] WARN  o.e.m.c.i.embedder.EclipseLogger - Using platform encoding (UTF-8 actually) to copy filtered resources, i.e. build is platform dependent!
2022-09-23 10:15:36,221 [Worker-118: Building] INFO  o.e.m.c.i.embedder.EclipseLogger - skip non existing resourceDirectory /Users/albertogomez-martin/Documents/Core_Networks/curso_aplicaciones_empresariales_javaee_sep_2022/ejercicios/estandar/_16_Ejercicios_Repaso_STREAM/src/test/resources
2022-09-23 10:20:32,978 [Worker-119: Building] WARN  o.e.m.c.i.embedder.EclipseLogger - Using platform encoding (UTF-8 actually) to copy filtered resources, i.e. build is platform dependent!
2022-09-23 10:20:32,987 [Worker-119: Building] INFO  o.e.m.c.i.embedder.EclipseLogger - skip non existing resourceDirectory /Users/albertogomez-martin/Documents/Core_Networks/curso_aplicaciones_empresariales_javaee_sep_2022/ejercicios/estandar/_16_Ejercicios_Repaso_STREAM/src/main/resources
2022-09-23 10:20:32,991 [Worker-119: Building] WARN  o.e.m.c.i.embedder.EclipseLogger - Using platform encoding (UTF-8 actually) to copy filtered resources, i.e. build is platform dependent!
2022-09-23 10:20:32,994 [Worker-119: Building] INFO  o.e.m.c.i.embedder.EclipseLogger - skip non existing resourceDirectory /Users/albertogomez-martin/Documents/Core_Networks/curso_aplicaciones_empresariales_javaee_sep_2022/ejercicios/estandar/_16_Ejercicios_Repaso_STREAM/src/test/resources
2022-09-23 10:20:55,005 [Worker-116: Building] WARN  o.e.m.c.i.embedder.EclipseLogger - Using platform encoding (UTF-8 actually) to copy filtered resources, i.e. build is platform dependent!
2022-09-23 10:20:55,006 [Worker-116: Building] INFO  o.e.m.c.i.embedder.EclipseLogger - skip non existing resourceDirectory /Users/albertogomez-martin/Documents/Core_Networks/curso_aplicaciones_empresariales_javaee_sep_2022/ejercicios/estandar/_16_Ejercicios_Repaso_STREAM/src/main/resources
2022-09-23 10:20:55,009 [Worker-116: Building] WARN  o.e.m.c.i.embedder.EclipseLogger - Using platform encoding (UTF-8 actually) to copy filtered resources, i.e. build is platform dependent!
2022-09-23 10:20:55,010 [Worker-116: Building] INFO  o.e.m.c.i.embedder.EclipseLogger - skip non existing resourceDirectory /Users/albertogomez-martin/Documents/Core_Networks/curso_aplicaciones_empresariales_javaee_sep_2022/ejercicios/estandar/_16_Ejercicios_Repaso_STREAM/src/test/resources
2022-09-23 10:25:58,851 [Worker-116: Building] WARN  o.e.m.c.i.embedder.EclipseLogger - Using platform encoding (UTF-8 actually) to copy filtered resources, i.e. build is platform dependent!
2022-09-23 10:25:58,854 [Worker-116: Building] INFO  o.e.m.c.i.embedder.EclipseLogger - skip non existing resourceDirectory /Users/albertogomez-martin/Documents/Core_Networks/curso_aplicaciones_empresariales_javaee_sep_2022/ejercicios/estandar/_16_Ejercicios_Repaso_STREAM/src/main/resources
2022-09-23 10:25:58,857 [Worker-116: Building] WARN  o.e.m.c.i.embedder.EclipseLogger - Using platform encoding (UTF-8 actually) to copy filtered resources, i.e. build is platform dependent!
2022-09-23 10:25:58,858 [Worker-116: Building] INFO  o.e.m.c.i.embedder.EclipseLogger - skip non existing resourceDirectory /Users/albertogomez-martin/Documents/Core_Networks/curso_aplicaciones_empresariales_javaee_sep_2022/ejercicios/estandar/_16_Ejercicios_Repaso_STREAM/src/test/resources
2022-09-23 10:26:15,355 [Worker-122: Building] WARN  o.e.m.c.i.embedder.EclipseLogger - Using platform encoding (UTF-8 actually) to copy filtered resources, i.e. build is platform dependent!
2022-09-23 10:26:15,356 [Worker-122: Building] INFO  o.e.m.c.i.embedder.EclipseLogger - skip non existing resourceDirectory /Users/albertogomez-martin/Documents/Core_Networks/curso_aplicaciones_empresariales_javaee_sep_2022/ejercicios/estandar/_16_Ejercicios_Repaso_STREAM/src/main/resources
2022-09-23 10:26:15,361 [Worker-122: Building] WARN  o.e.m.c.i.embedder.EclipseLogger - Using platform encoding (UTF-8 actually) to copy filtered resources, i.e. build is platform dependent!
2022-09-23 10:26:15,362 [Worker-122: Building] INFO  o.e.m.c.i.embedder.EclipseLogger - skip non existing resourceDirectory /Users/albertogomez-martin/Documents/Core_Networks/curso_aplicaciones_empresariales_javaee_sep_2022/ejercicios/estandar/_16_Ejercicios_Repaso_STREAM/src/test/resources
2022-09-23 10:26:35,530 [Worker-122: Building] WARN  o.e.m.c.i.embedder.EclipseLogger - Using platform encoding (UTF-8 actually) to copy filtered resources, i.e. build is platform dependent!
2022-09-23 10:26:35,532 [Worker-122: Building] INFO  o.e.m.c.i.embedder.EclipseLogger - skip non existing resourceDirectory /Users/albertogomez-martin/Documents/Core_Networks/curso_aplicaciones_empresariales_javaee_sep_2022/ejercicios/estandar/_16_Ejercicios_Repaso_STREAM/src/main/resources
2022-09-23 10:26:35,540 [Worker-122: Building] WARN  o.e.m.c.i.embedder.EclipseLogger - Using platform encoding (UTF-8 actually) to copy filtered resources, i.e. build is platform dependent!
2022-09-23 10:26:35,541 [Worker-122: Building] INFO  o.e.m.c.i.embedder.EclipseLogger - skip non existing resourceDirectory /Users/albertogomez-martin/Documents/Core_Networks/curso_aplicaciones_empresariales_javaee_sep_2022/ejercicios/estandar/_16_Ejercicios_Repaso_STREAM/src/test/resources
2022-09-23 10:27:01,744 [Worker-122: Building] WARN  o.e.m.c.i.embedder.EclipseLogger - Using platform encoding (UTF-8 actually) to copy filtered resources, i.e. build is platform dependent!
2022-09-23 10:27:01,747 [Worker-122: Building] INFO  o.e.m.c.i.embedder.EclipseLogger - skip non existing resourceDirectory /Users/albertogomez-martin/Documents/Core_Networks/curso_aplicaciones_empresariales_javaee_sep_2022/ejercicios/estandar/_16_Ejercicios_Repaso_STREAM/src/main/resources
2022-09-23 10:27:01,753 [Worker-122: Building] WARN  o.e.m.c.i.embedder.EclipseLogger - Using platform encoding (UTF-8 actually) to copy filtered resources, i.e. build is platform dependent!
2022-09-23 10:27:01,755 [Worker-122: Building] INFO  o.e.m.c.i.embedder.EclipseLogger - skip non existing resourceDirectory /Users/albertogomez-martin/Documents/Core_Networks/curso_aplicaciones_empresariales_javaee_sep_2022/ejercicios/estandar/_16_Ejercicios_Repaso_STREAM/src/test/resources
2022-09-23 10:27:54,550 [Worker-121: Building] WARN  o.e.m.c.i.embedder.EclipseLogger - Using platform encoding (UTF-8 actually) to copy filtered resources, i.e. build is platform dependent!
2022-09-23 10:27:54,553 [Worker-121: Building] INFO  o.e.m.c.i.embedder.EclipseLogger - skip non existing resourceDirectory /Users/albertogomez-martin/Documents/Core_Networks/curso_aplicaciones_empresariales_javaee_sep_2022/ejercicios/estandar/_16_Ejercicios_Repaso_STREAM/src/main/resources
2022-09-23 10:27:54,557 [Worker-121: Building] WARN  o.e.m.c.i.embedder.EclipseLogger - Using platform encoding (UTF-8 actually) to copy filtered resources, i.e. build is platform dependent!
2022-09-23 10:27:54,558 [Worker-121: Building] INFO  o.e.m.c.i.embedder.EclipseLogger - skip non existing resourceDirectory /Users/albertogomez-martin/Documents/Core_Networks/curso_aplicaciones_empresariales_javaee_sep_2022/ejercicios/estandar/_16_Ejercicios_Repaso_STREAM/src/test/resources
2022-09-23 10:28:18,125 [Worker-121: Building] WARN  o.e.m.c.i.embedder.EclipseLogger - Using platform encoding (UTF-8 actually) to copy filtered resources, i.e. build is platform dependent!
2022-09-23 10:28:18,128 [Worker-121: Building] INFO  o.e.m.c.i.embedder.EclipseLogger - skip non existing resourceDirectory /Users/albertogomez-martin/Documents/Core_Networks/curso_aplicaciones_empresariales_javaee_sep_2022/ejercicios/estandar/_16_Ejercicios_Repaso_STREAM/src/main/resources
2022-09-23 10:28:18,133 [Worker-121: Building] WARN  o.e.m.c.i.embedder.EclipseLogger - Using platform encoding (UTF-8 actually) to copy filtered resources, i.e. build is platform dependent!
2022-09-23 10:28:18,136 [Worker-121: Building] INFO  o.e.m.c.i.embedder.EclipseLogger - skip non existing resourceDirectory /Users/albertogomez-martin/Documents/Core_Networks/curso_aplicaciones_empresariales_javaee_sep_2022/ejercicios/estandar/_16_Ejercicios_Repaso_STREAM/src/test/resources
2022-09-23 10:39:40,711 [Worker-116: Building] WARN  o.e.m.c.i.embedder.EclipseLogger - Using platform encoding (UTF-8 actually) to copy filtered resources, i.e. build is platform dependent!
2022-09-23 10:39:40,715 [Worker-116: Building] INFO  o.e.m.c.i.embedder.EclipseLogger - skip non existing resourceDirectory /Users/albertogomez-martin/Documents/Core_Networks/curso_aplicaciones_empresariales_javaee_sep_2022/ejercicios/estandar/_16_Ejercicios_Repaso_STREAM/src/main/resources
2022-09-23 10:39:40,721 [Worker-116: Building] WARN  o.e.m.c.i.embedder.EclipseLogger - Using platform encoding (UTF-8 actually) to copy filtered resources, i.e. build is platform dependent!
2022-09-23 10:39:40,724 [Worker-116: Building] INFO  o.e.m.c.i.embedder.EclipseLogger - skip non existing resourceDirectory /Users/albertogomez-martin/Documents/Core_Networks/curso_aplicaciones_empresariales_javaee_sep_2022/ejercicios/estandar/_16_Ejercicios_Repaso_STREAM/src/test/resources
2022-09-23 10:40:08,937 [Worker-125: Building] WARN  o.e.m.c.i.embedder.EclipseLogger - Using platform encoding (UTF-8 actually) to copy filtered resources, i.e. build is platform dependent!
2022-09-23 10:40:08,940 [Worker-125: Building] INFO  o.e.m.c.i.embedder.EclipseLogger - skip non existing resourceDirectory /Users/albertogomez-martin/Documents/Core_Networks/curso_aplicaciones_empresariales_javaee_sep_2022/ejercicios/estandar/_16_Ejercicios_Repaso_STREAM/src/main/resources
2022-09-23 10:40:08,959 [Worker-125: Building] WARN  o.e.m.c.i.embedder.EclipseLogger - Using platform encoding (UTF-8 actually) to copy filtered resources, i.e. build is platform dependent!
2022-09-23 10:40:08,960 [Worker-125: Building] INFO  o.e.m.c.i.embedder.EclipseLogger - skip non existing resourceDirectory /Users/albertogomez-martin/Documents/Core_Networks/curso_aplicaciones_empresariales_javaee_sep_2022/ejercicios/estandar/_16_Ejercicios_Repaso_STREAM/src/test/resources
2022-09-23 10:42:42,430 [Worker-116: Building] WARN  o.e.m.c.i.embedder.EclipseLogger - Using platform encoding (UTF-8 actually) to copy filtered resources, i.e. build is platform dependent!
2022-09-23 10:42:42,433 [Worker-116: Building] INFO  o.e.m.c.i.embedder.EclipseLogger - skip non existing resourceDirectory /Users/albertogomez-martin/Documents/Core_Networks/curso_aplicaciones_empresariales_javaee_sep_2022/ejercicios/estandar/_16_Ejercicios_Repaso_STREAM/src/main/resources
2022-09-23 10:42:42,440 [Worker-116: Building] WARN  o.e.m.c.i.embedder.EclipseLogger - Using platform encoding (UTF-8 actually) to copy filtered resources, i.e. build is platform dependent!
2022-09-23 10:42:42,442 [Worker-116: Building] INFO  o.e.m.c.i.embedder.EclipseLogger - skip non existing resourceDirectory /Users/albertogomez-martin/Documents/Core_Networks/curso_aplicaciones_empresariales_javaee_sep_2022/ejercicios/estandar/_16_Ejercicios_Repaso_STREAM/src/test/resources
2022-09-28 10:33:03,087 [Worker-9: Loading available Gradle versions] INFO  o.e.b.c.i.u.g.PublishedGradleVersions - Gradle version information cache is up-to-date. Trying to read.
