2022-10-15 12:07:58,050 [Worker-8: Loading available Gradle versions] INFO  o.e.b.c.i.u.g.PublishedGradleVersions - Gradle version information cache is up-to-date. Trying to read.
2022-10-15 12:10:02,074 [Worker-19: Building] INFO  o.e.m.c.i.l.LifecycleMappingFactory - Using org.maven.ide.eclipse.wtp.WarLifecycleMapping lifecycle mapping for MavenProject: 01_buscador_basico:01_buscador_basico:0.0.1-SNAPSHOT @ /Users/albertogomez-martin/Downloads/ejercicios_1_2/01_buscador_basico/pom.xml.
2022-10-15 12:10:04,071 [Worker-19: Building] WARN  o.e.m.c.i.embedder.EclipseLogger - Using platform encoding (UTF-8 actually) to copy filtered resources, i.e. build is platform dependent!
2022-10-15 12:10:04,072 [Worker-19: Building] INFO  o.e.m.c.i.embedder.EclipseLogger - skip non existing resourceDirectory /Users/albertogomez-martin/Downloads/ejercicios_1_2/01_buscador_basico/src/main/resources
2022-10-15 12:10:04,078 [Worker-19: Building] WARN  o.e.m.c.i.embedder.EclipseLogger - Using platform encoding (UTF-8 actually) to copy filtered resources, i.e. build is platform dependent!
2022-10-15 12:10:04,078 [Worker-19: Building] INFO  o.e.m.c.i.embedder.EclipseLogger - skip non existing resourceDirectory /Users/albertogomez-martin/Downloads/ejercicios_1_2/01_buscador_basico/src/test/resources
2022-10-15 12:10:04,455 [Worker-10: Building] WARN  o.e.m.c.i.embedder.EclipseLogger - Using platform encoding (UTF-8 actually) to copy filtered resources, i.e. build is platform dependent!
2022-10-15 12:10:04,456 [Worker-10: Building] INFO  o.e.m.c.i.embedder.EclipseLogger - skip non existing resourceDirectory /Users/albertogomez-martin/Downloads/ejercicios_1_2/01_buscador_basico/src/main/resources
2022-10-15 12:10:04,460 [Worker-10: Building] WARN  o.e.m.c.i.embedder.EclipseLogger - Using platform encoding (UTF-8 actually) to copy filtered resources, i.e. build is platform dependent!
2022-10-15 12:10:04,461 [Worker-10: Building] INFO  o.e.m.c.i.embedder.EclipseLogger - skip non existing resourceDirectory /Users/albertogomez-martin/Downloads/ejercicios_1_2/01_buscador_basico/src/test/resources
2022-10-15 12:10:04,740 [Worker-10: Building] INFO  o.e.m.c.i.l.LifecycleMappingFactory - Using org.maven.ide.eclipse.wtp.WarLifecycleMapping lifecycle mapping for MavenProject: 02_buscador_completo:02_buscador_completo:0.0.1-SNAPSHOT @ /Users/albertogomez-martin/Downloads/ejercicios_1_2/02_buscador_completo/pom.xml.
2022-10-15 12:10:04,993 [Worker-10: Building] WARN  o.e.m.c.i.embedder.EclipseLogger - Using platform encoding (UTF-8 actually) to copy filtered resources, i.e. build is platform dependent!
2022-10-15 12:10:04,994 [Worker-10: Building] INFO  o.e.m.c.i.embedder.EclipseLogger - skip non existing resourceDirectory /Users/albertogomez-martin/Downloads/ejercicios_1_2/02_buscador_completo/src/main/resources
2022-10-15 12:10:04,997 [Worker-10: Building] WARN  o.e.m.c.i.embedder.EclipseLogger - Using platform encoding (UTF-8 actually) to copy filtered resources, i.e. build is platform dependent!
2022-10-15 12:10:04,998 [Worker-10: Building] INFO  o.e.m.c.i.embedder.EclipseLogger - skip non existing resourceDirectory /Users/albertogomez-martin/Downloads/ejercicios_1_2/02_buscador_completo/src/test/resources
2022-10-15 12:10:08,315 [Worker-17: Building] WARN  o.e.m.c.i.embedder.EclipseLogger - Using platform encoding (UTF-8 actually) to copy filtered resources, i.e. build is platform dependent!
2022-10-15 12:10:08,315 [Worker-17: Building] INFO  o.e.m.c.i.embedder.EclipseLogger - skip non existing resourceDirectory /Users/albertogomez-martin/Downloads/ejercicios_1_2/02_buscador_completo/src/main/resources
2022-10-15 12:10:08,319 [Worker-17: Building] WARN  o.e.m.c.i.embedder.EclipseLogger - Using platform encoding (UTF-8 actually) to copy filtered resources, i.e. build is platform dependent!
2022-10-15 12:10:08,320 [Worker-17: Building] INFO  o.e.m.c.i.embedder.EclipseLogger - skip non existing resourceDirectory /Users/albertogomez-martin/Downloads/ejercicios_1_2/02_buscador_completo/src/test/resources
2022-10-15 12:10:34,892 [Worker-18: Building] INFO  o.e.m.c.i.l.LifecycleMappingFactory - Using org.maven.ide.eclipse.wtp.WarLifecycleMapping lifecycle mapping for MavenProject: 01_buscador_basico:01_buscador_basico:0.0.1-SNAPSHOT @ /Users/albertogomez-martin/Documents/Core_Networks/curso_aplicaciones_empresariales_javaee_sep_2022/ejercicios/java_spring_profesor/01_buscador_basico/pom.xml.
2022-10-15 12:10:35,560 [Worker-18: Building] WARN  o.e.m.c.i.embedder.EclipseLogger - Using platform encoding (UTF-8 actually) to copy filtered resources, i.e. build is platform dependent!
2022-10-15 12:10:35,561 [Worker-18: Building] INFO  o.e.m.c.i.embedder.EclipseLogger - skip non existing resourceDirectory /Users/albertogomez-martin/Documents/Core_Networks/curso_aplicaciones_empresariales_javaee_sep_2022/ejercicios/java_spring_profesor/01_buscador_basico/src/main/resources
2022-10-15 12:10:35,563 [Worker-18: Building] WARN  o.e.m.c.i.embedder.EclipseLogger - Using platform encoding (UTF-8 actually) to copy filtered resources, i.e. build is platform dependent!
2022-10-15 12:10:35,564 [Worker-18: Building] INFO  o.e.m.c.i.embedder.EclipseLogger - skip non existing resourceDirectory /Users/albertogomez-martin/Documents/Core_Networks/curso_aplicaciones_empresariales_javaee_sep_2022/ejercicios/java_spring_profesor/01_buscador_basico/src/test/resources
2022-10-15 12:10:35,705 [Worker-18: Building] INFO  o.e.m.c.i.l.LifecycleMappingFactory - Using org.maven.ide.eclipse.wtp.WarLifecycleMapping lifecycle mapping for MavenProject: 02_buscador_completo:02_buscador_completo:0.0.1-SNAPSHOT @ /Users/albertogomez-martin/Documents/Core_Networks/curso_aplicaciones_empresariales_javaee_sep_2022/ejercicios/java_spring_profesor/02_buscador_completo/pom.xml.
2022-10-15 12:10:35,764 [Worker-18: Building] WARN  o.e.m.c.i.embedder.EclipseLogger - Using platform encoding (UTF-8 actually) to copy filtered resources, i.e. build is platform dependent!
2022-10-15 12:10:35,765 [Worker-18: Building] INFO  o.e.m.c.i.embedder.EclipseLogger - skip non existing resourceDirectory /Users/albertogomez-martin/Documents/Core_Networks/curso_aplicaciones_empresariales_javaee_sep_2022/ejercicios/java_spring_profesor/02_buscador_completo/src/main/resources
2022-10-15 12:10:35,769 [Worker-18: Building] WARN  o.e.m.c.i.embedder.EclipseLogger - Using platform encoding (UTF-8 actually) to copy filtered resources, i.e. build is platform dependent!
2022-10-15 12:10:35,770 [Worker-18: Building] INFO  o.e.m.c.i.embedder.EclipseLogger - skip non existing resourceDirectory /Users/albertogomez-martin/Documents/Core_Networks/curso_aplicaciones_empresariales_javaee_sep_2022/ejercicios/java_spring_profesor/02_buscador_completo/src/test/resources
2022-10-15 12:10:39,390 [Worker-18: Building] WARN  o.e.m.c.i.embedder.EclipseLogger - Using platform encoding (UTF-8 actually) to copy filtered resources, i.e. build is platform dependent!
2022-10-15 12:10:39,391 [Worker-18: Building] INFO  o.e.m.c.i.embedder.EclipseLogger - skip non existing resourceDirectory /Users/albertogomez-martin/Documents/Core_Networks/curso_aplicaciones_empresariales_javaee_sep_2022/ejercicios/java_spring_profesor/01_buscador_basico/src/main/resources
2022-10-15 12:10:39,394 [Worker-18: Building] WARN  o.e.m.c.i.embedder.EclipseLogger - Using platform encoding (UTF-8 actually) to copy filtered resources, i.e. build is platform dependent!
2022-10-15 12:10:39,395 [Worker-18: Building] INFO  o.e.m.c.i.embedder.EclipseLogger - skip non existing resourceDirectory /Users/albertogomez-martin/Documents/Core_Networks/curso_aplicaciones_empresariales_javaee_sep_2022/ejercicios/java_spring_profesor/01_buscador_basico/src/test/resources
2022-10-15 12:10:39,471 [Worker-18: Building] WARN  o.e.m.c.i.embedder.EclipseLogger - Using platform encoding (UTF-8 actually) to copy filtered resources, i.e. build is platform dependent!
2022-10-15 12:10:39,472 [Worker-18: Building] INFO  o.e.m.c.i.embedder.EclipseLogger - skip non existing resourceDirectory /Users/albertogomez-martin/Documents/Core_Networks/curso_aplicaciones_empresariales_javaee_sep_2022/ejercicios/java_spring_profesor/02_buscador_completo/src/main/resources
2022-10-15 12:10:39,475 [Worker-18: Building] WARN  o.e.m.c.i.embedder.EclipseLogger - Using platform encoding (UTF-8 actually) to copy filtered resources, i.e. build is platform dependent!
2022-10-15 12:10:39,476 [Worker-18: Building] INFO  o.e.m.c.i.embedder.EclipseLogger - skip non existing resourceDirectory /Users/albertogomez-martin/Documents/Core_Networks/curso_aplicaciones_empresariales_javaee_sep_2022/ejercicios/java_spring_profesor/02_buscador_completo/src/test/resources
